0 info it worked if it ends with ok
1 verbose cli [ '/usr/local/bin/iojs',
1 verbose cli   '/usr/local/bin/npm',
1 verbose cli   'install',
1 verbose cli   'bower',
1 verbose cli   '--save-dev' ]
2 info using npm@3.5.2
3 info using node@v3.3.0
4 silly loadCurrentTree Starting
5 silly install loadCurrentTree
6 silly install readLocalPackageData
7 silly fetchPackageMetaData bower@^1.8.0
8 silly fetchNamedPackageData bower
9 silly mapToRegistry name bower
10 silly mapToRegistry using default registry
11 silly mapToRegistry registry https://registry.npmjs.org/
12 silly mapToRegistry uri https://registry.npmjs.org/bower
13 verbose request uri https://registry.npmjs.org/bower
14 verbose request no auth needed
15 info attempt registry request try #1 at 5:48:10 PM
16 verbose request id ee56cd4e6f42b709
17 verbose etag W/"58c0d73a-2aed3"
18 verbose lastModified Thu, 09 Mar 2017 04:16:58 GMT
19 http request GET https://registry.npmjs.org/bower
20 http 304 https://registry.npmjs.org/bower
21 verbose headers { date: 'Thu, 09 Mar 2017 09:48:10 GMT',
21 verbose headers   via: '1.1 varnish',
21 verbose headers   'cache-control': 'max-age=300',
21 verbose headers   etag: 'W/"58c0d73a-2aed3"',
21 verbose headers   age: '167',
21 verbose headers   connection: 'keep-alive',
21 verbose headers   'x-served-by': 'cache-hkg6825-HKG',
21 verbose headers   'x-cache': 'HIT',
21 verbose headers   'x-cache-hits': '3',
21 verbose headers   'x-timer': 'S1489052890.809003,VS0,VE0',
21 verbose headers   vary: 'Accept-Encoding' }
22 silly get cb [ 304,
22 silly get   { date: 'Thu, 09 Mar 2017 09:48:10 GMT',
22 silly get     via: '1.1 varnish',
22 silly get     'cache-control': 'max-age=300',
22 silly get     etag: 'W/"58c0d73a-2aed3"',
22 silly get     age: '167',
22 silly get     connection: 'keep-alive',
22 silly get     'x-served-by': 'cache-hkg6825-HKG',
22 silly get     'x-cache': 'HIT',
22 silly get     'x-cache-hits': '3',
22 silly get     'x-timer': 'S1489052890.809003,VS0,VE0',
22 silly get     vary: 'Accept-Encoding' } ]
23 verbose etag https://registry.npmjs.org/bower from cache
24 verbose get saving bower to /Users/hanchangcai/.npm/registry.npmjs.org/bower/.cache.json
25 silly install normalizeTree
26 silly loadCurrentTree Finishing
27 silly loadIdealTree Starting
28 silly install loadIdealTree
29 silly cloneCurrentTree Starting
30 silly install cloneCurrentTreeToIdealTree
31 silly cloneCurrentTree Finishing
32 silly loadShrinkwrap Starting
33 silly install loadShrinkwrap
34 silly loadShrinkwrap Finishing
35 silly loadAllDepsIntoIdealTree Starting
36 silly install loadAllDepsIntoIdealTree
37 silly resolveWithNewModule bower@1.8.0 checking installable status
38 silly cache add args [ 'bower@^1.8.0', null ]
39 verbose cache add spec bower@^1.8.0
40 silly cache add parsed spec Result {
40 silly cache add   raw: 'bower@^1.8.0',
40 silly cache add   scope: null,
40 silly cache add   name: 'bower',
40 silly cache add   rawSpec: '^1.8.0',
40 silly cache add   spec: '>=1.8.0 <2.0.0',
40 silly cache add   type: 'range' }
41 silly addNamed bower@>=1.8.0 <2.0.0
42 verbose addNamed ">=1.8.0 <2.0.0" is a valid semver range for bower
43 silly addNameRange { name: 'bower', range: '>=1.8.0 <2.0.0', hasData: false }
44 silly mapToRegistry name bower
45 silly mapToRegistry using default registry
46 silly mapToRegistry registry https://registry.npmjs.org/
47 silly mapToRegistry uri https://registry.npmjs.org/bower
48 verbose addNameRange registry:https://registry.npmjs.org/bower not in flight; fetching
49 verbose get https://registry.npmjs.org/bower not expired, no request
50 silly addNameRange number 2 { name: 'bower', range: '>=1.8.0 <2.0.0', hasData: true }
51 silly addNameRange versions [ 'bower',
51 silly addNameRange   [ '0.1.0',
51 silly addNameRange     '0.1.2',
51 silly addNameRange     '0.1.3',
51 silly addNameRange     '0.2.0',
51 silly addNameRange     '0.3.0',
51 silly addNameRange     '0.3.1',
51 silly addNameRange     '0.3.2',
51 silly addNameRange     '0.4.0',
51 silly addNameRange     '0.5.0',
51 silly addNameRange     '0.5.1',
51 silly addNameRange     '0.6.0',
51 silly addNameRange     '0.6.1',
51 silly addNameRange     '0.6.2',
51 silly addNameRange     '0.6.3',
51 silly addNameRange     '0.6.4',
51 silly addNameRange     '0.6.5',
51 silly addNameRange     '0.6.6',
51 silly addNameRange     '0.6.7',
51 silly addNameRange     '0.6.8',
51 silly addNameRange     '0.7.0',
51 silly addNameRange     '0.7.1',
51 silly addNameRange     '0.8.0',
51 silly addNameRange     '0.8.1',
51 silly addNameRange     '0.8.2',
51 silly addNameRange     '0.8.3',
51 silly addNameRange     '0.8.4',
51 silly addNameRange     '0.8.5',
51 silly addNameRange     '0.8.6',
51 silly addNameRange     '0.9.0',
51 silly addNameRange     '0.9.1',
51 silly addNameRange     '0.9.2',
51 silly addNameRange     '0.10.0',
51 silly addNameRange     '1.0.0',
51 silly addNameRange     '1.0.1',
51 silly addNameRange     '1.0.2',
51 silly addNameRange     '1.0.3',
51 silly addNameRange     '1.1.0',
51 silly addNameRange     '1.1.1',
51 silly addNameRange     '1.1.2',
51 silly addNameRange     '1.2.0',
51 silly addNameRange     '1.2.1',
51 silly addNameRange     '1.2.2',
51 silly addNameRange     '1.2.3',
51 silly addNameRange     '1.2.4',
51 silly addNameRange     '1.2.5',
51 silly addNameRange     '1.2.6',
51 silly addNameRange     '1.2.7',
51 silly addNameRange     '1.2.8',
51 silly addNameRange     '1.3.0',
51 silly addNameRange     '1.3.1',
51 silly addNameRange     '1.3.2',
51 silly addNameRange     '1.3.3',
51 silly addNameRange     '1.3.4',
51 silly addNameRange     '1.3.5',
51 silly addNameRange     '1.3.6',
51 silly addNameRange     '1.3.7',
51 silly addNameRange     '1.3.8',
51 silly addNameRange     '1.3.9',
51 silly addNameRange     '1.3.10',
51 silly addNameRange     '1.3.11',
51 silly addNameRange     '1.3.12',
51 silly addNameRange     '1.4.0',
51 silly addNameRange     '1.4.1',
51 silly addNameRange     '1.5.0',
51 silly addNameRange     '1.5.1',
51 silly addNameRange     '1.5.2',
51 silly addNameRange     '1.5.3',
51 silly addNameRange     '1.6.2',
51 silly addNameRange     '1.6.3',
51 silly addNameRange     '1.6.4',
51 silly addNameRange     '1.6.5',
51 silly addNameRange     '1.5.4',
51 silly addNameRange     '1.4.2',
51 silly addNameRange     '1.6.6',
51 silly addNameRange     '1.6.7',
51 silly addNameRange     '1.6.8',
51 silly addNameRange     '1.6.9',
51 silly addNameRange     '1.7.0',
51 silly addNameRange     '1.7.1',
51 silly addNameRange     '1.7.2',
51 silly addNameRange     '1.7.5',
51 silly addNameRange     '1.7.6',
51 silly addNameRange     '1.7.7',
51 silly addNameRange     '1.7.8',
51 silly addNameRange     '1.7.9',
51 silly addNameRange     '1.8.0' ] ]
52 silly addNamed bower@1.8.0
53 verbose addNamed "1.8.0" is a plain semver version for bower
54 silly cache afterAdd bower@1.8.0
55 verbose afterAdd /Users/hanchangcai/.npm/bower/1.8.0/package/package.json not in flight; writing
56 verbose afterAdd /Users/hanchangcai/.npm/bower/1.8.0/package/package.json written
57 silly loadAllDepsIntoIdealTree Finishing
58 silly idealTree:prePrune tonytest1@1.0.0
58 silly idealTree:prePrune ├── abbrev@1.1.0
58 silly idealTree:prePrune ├── accepts@1.3.3
58 silly idealTree:prePrune ├── acorn-jsx@3.0.1
58 silly idealTree:prePrune ├── acorn-object-spread@1.0.0
58 silly idealTree:prePrune ├── acorn@3.3.0
58 silly idealTree:prePrune ├── after@0.8.1
58 silly idealTree:prePrune ├── ajv@4.11.4
58 silly idealTree:prePrune ├── align-text@0.1.4
58 silly idealTree:prePrune ├── amdefine@1.0.1
58 silly idealTree:prePrune ├── ansi-regex@2.1.1
58 silly idealTree:prePrune ├── ansi-styles@2.2.1
58 silly idealTree:prePrune ├── anymatch@1.3.0
58 silly idealTree:prePrune ├── aproba@1.1.1
58 silly idealTree:prePrune ├── archy@1.0.0
58 silly idealTree:prePrune ├── are-we-there-yet@1.1.2
58 silly idealTree:prePrune ├── arr-diff@2.0.0
58 silly idealTree:prePrune ├── arr-flatten@1.0.1
58 silly idealTree:prePrune ├── array-differ@1.0.0
58 silly idealTree:prePrune ├── array-find-index@1.0.2
58 silly idealTree:prePrune ├── array-uniq@1.0.3
58 silly idealTree:prePrune ├── array-unique@0.2.1
58 silly idealTree:prePrune ├── arraybuffer.slice@0.0.6
58 silly idealTree:prePrune ├── arrify@1.0.1
58 silly idealTree:prePrune ├── asn1@0.2.3
58 silly idealTree:prePrune ├── assert-plus@0.2.0
58 silly idealTree:prePrune ├── async-each-series@0.1.1
58 silly idealTree:prePrune ├── async-each@1.0.1
58 silly idealTree:prePrune ├── async-foreach@0.1.3
58 silly idealTree:prePrune ├── async@0.2.10
58 silly idealTree:prePrune ├── asynckit@0.4.0
58 silly idealTree:prePrune ├── aws-sign2@0.6.0
58 silly idealTree:prePrune ├── aws4@1.6.0
58 silly idealTree:prePrune ├── backo2@1.0.2
58 silly idealTree:prePrune ├── balanced-match@0.4.2
58 silly idealTree:prePrune ├── base64-arraybuffer@0.1.5
58 silly idealTree:prePrune ├── base64id@0.1.0
58 silly idealTree:prePrune ├── batch@0.5.3
58 silly idealTree:prePrune ├── bcrypt-pbkdf@1.0.1
58 silly idealTree:prePrune ├── beeper@1.1.1
58 silly idealTree:prePrune ├── better-assert@1.0.2
58 silly idealTree:prePrune ├── binary-extensions@1.8.0
58 silly idealTree:prePrune ├── blob@0.0.4
58 silly idealTree:prePrune ├── block-stream@0.0.9
58 silly idealTree:prePrune ├── boom@2.10.1
58 silly idealTree:prePrune ├── bower@1.8.0
58 silly idealTree:prePrune ├── brace-expansion@1.1.6
58 silly idealTree:prePrune ├── braces@1.8.5
58 silly idealTree:prePrune ├── browser-sync-client@2.4.5
58 silly idealTree:prePrune ├── browser-sync-ui@0.6.3
58 silly idealTree:prePrune ├─┬ browser-sync@2.18.8
58 silly idealTree:prePrune │ ├── camelcase@3.0.0
58 silly idealTree:prePrune │ ├── cliui@3.2.0
58 silly idealTree:prePrune │ ├── qs@6.2.1
58 silly idealTree:prePrune │ ├── window-size@0.2.0
58 silly idealTree:prePrune │ ├── yargs-parser@4.2.1
58 silly idealTree:prePrune │ └── yargs@6.4.0
58 silly idealTree:prePrune ├── bs-recipes@1.3.4
58 silly idealTree:prePrune ├── buble@0.12.5
58 silly idealTree:prePrune ├─┬ bubleify@0.5.1
58 silly idealTree:prePrune │ └── object-assign@4.1.1
58 silly idealTree:prePrune ├── buffer-shims@1.0.0
58 silly idealTree:prePrune ├── bufferstreams@1.0.1
58 silly idealTree:prePrune ├── builtin-modules@1.1.1
58 silly idealTree:prePrune ├── callsite@1.0.0
58 silly idealTree:prePrune ├─┬ camelcase-keys@2.1.0
58 silly idealTree:prePrune │ └── camelcase@2.1.1
58 silly idealTree:prePrune ├── camelcase@1.2.1
58 silly idealTree:prePrune ├── caseless@0.12.0
58 silly idealTree:prePrune ├── center-align@0.1.3
58 silly idealTree:prePrune ├── chalk@1.1.3
58 silly idealTree:prePrune ├── chokidar@1.6.1
58 silly idealTree:prePrune ├─┬ clean-css@3.4.25
58 silly idealTree:prePrune │ └── source-map@0.4.4
58 silly idealTree:prePrune ├── cliui@2.1.0
58 silly idealTree:prePrune ├── clone-buffer@1.0.0
58 silly idealTree:prePrune ├── clone-stats@0.0.1
58 silly idealTree:prePrune ├── clone@1.0.2
58 silly idealTree:prePrune ├── cloneable-readable@1.0.0
58 silly idealTree:prePrune ├── co@4.6.0
58 silly idealTree:prePrune ├── code-point-at@1.1.0
58 silly idealTree:prePrune ├── combined-stream@1.0.5
58 silly idealTree:prePrune ├── commander@2.8.1
58 silly idealTree:prePrune ├── component-bind@1.0.0
58 silly idealTree:prePrune ├── component-emitter@1.1.2
58 silly idealTree:prePrune ├── component-inherit@0.0.3
58 silly idealTree:prePrune ├── concat-map@0.0.1
58 silly idealTree:prePrune ├── concat-with-sourcemaps@1.0.4
58 silly idealTree:prePrune ├── connect-history-api-fallback@1.3.0
58 silly idealTree:prePrune ├── connect@3.5.0
58 silly idealTree:prePrune ├── console-control-strings@1.1.0
58 silly idealTree:prePrune ├── cookie@0.3.1
58 silly idealTree:prePrune ├── core-util-is@1.0.2
58 silly idealTree:prePrune ├─┬ cross-spawn@3.0.1
58 silly idealTree:prePrune │ └── lru-cache@4.0.2
58 silly idealTree:prePrune ├── cryptiles@2.0.5
58 silly idealTree:prePrune ├── currently-unhandled@0.4.1
58 silly idealTree:prePrune ├─┬ dashdash@1.14.1
58 silly idealTree:prePrune │ └── assert-plus@1.0.0
58 silly idealTree:prePrune ├── dateformat@2.0.0
58 silly idealTree:prePrune ├── debug@2.2.0
58 silly idealTree:prePrune ├── decamelize@1.2.0
58 silly idealTree:prePrune ├── defaults@1.0.3
58 silly idealTree:prePrune ├── delayed-stream@1.0.0
58 silly idealTree:prePrune ├── delegates@1.0.0
58 silly idealTree:prePrune ├── depd@1.1.0
58 silly idealTree:prePrune ├── deprecated@0.0.1
58 silly idealTree:prePrune ├── destroy@1.0.4
58 silly idealTree:prePrune ├── detect-file@0.1.0
58 silly idealTree:prePrune ├── dev-ip@1.0.1
58 silly idealTree:prePrune ├── duplexer2@0.0.2
58 silly idealTree:prePrune ├─┬ easy-extender@2.3.2
58 silly idealTree:prePrune │ └── lodash@3.10.1
58 silly idealTree:prePrune ├── eazy-logger@3.0.2
58 silly idealTree:prePrune ├── ecc-jsbn@0.1.1
58 silly idealTree:prePrune ├── ee-first@1.1.1
58 silly idealTree:prePrune ├── emitter-steward@1.0.0
58 silly idealTree:prePrune ├── encodeurl@1.0.1
58 silly idealTree:prePrune ├── end-of-stream@0.1.5
58 silly idealTree:prePrune ├─┬ engine.io-client@1.8.0
58 silly idealTree:prePrune │ ├── component-emitter@1.2.1
58 silly idealTree:prePrune │ ├── debug@2.3.3
58 silly idealTree:prePrune │ └── ms@0.7.2
58 silly idealTree:prePrune ├─┬ engine.io-parser@1.3.1
58 silly idealTree:prePrune │ └── has-binary@0.1.6
58 silly idealTree:prePrune ├─┬ engine.io@1.8.0
58 silly idealTree:prePrune │ ├── debug@2.3.3
58 silly idealTree:prePrune │ └── ms@0.7.2
58 silly idealTree:prePrune ├── error-ex@1.3.1
58 silly idealTree:prePrune ├── escape-html@1.0.3
58 silly idealTree:prePrune ├── escape-string-regexp@1.0.5
58 silly idealTree:prePrune ├── etag@1.8.0
58 silly idealTree:prePrune ├── eventemitter3@1.2.0
58 silly idealTree:prePrune ├── expand-brackets@0.1.5
58 silly idealTree:prePrune ├── expand-range@1.8.2
58 silly idealTree:prePrune ├── expand-tilde@1.2.2
58 silly idealTree:prePrune ├─┬ express@2.5.11
58 silly idealTree:prePrune │ ├── connect@1.9.2
58 silly idealTree:prePrune │ ├── mkdirp@0.3.0
58 silly idealTree:prePrune │ └── qs@0.4.2
58 silly idealTree:prePrune ├── extend@3.0.0
58 silly idealTree:prePrune ├── extglob@0.3.2
58 silly idealTree:prePrune ├── extsprintf@1.0.2
58 silly idealTree:prePrune ├── fancy-log@1.3.0
58 silly idealTree:prePrune ├── filename-regex@2.0.0
58 silly idealTree:prePrune ├── fill-range@2.2.3
58 silly idealTree:prePrune ├── finalhandler@0.5.0
58 silly idealTree:prePrune ├── find-index@0.1.1
58 silly idealTree:prePrune ├── find-up@1.1.2
58 silly idealTree:prePrune ├── findup-sync@0.4.3
58 silly idealTree:prePrune ├── fined@1.0.2
58 silly idealTree:prePrune ├── first-chunk-stream@1.0.0
58 silly idealTree:prePrune ├── flagged-respawn@0.3.2
58 silly idealTree:prePrune ├── for-in@1.0.2
58 silly idealTree:prePrune ├── for-own@0.1.5
58 silly idealTree:prePrune ├── forever-agent@0.6.1
58 silly idealTree:prePrune ├── form-data@2.1.2
58 silly idealTree:prePrune ├── formidable@1.0.17
58 silly idealTree:prePrune ├── fresh@0.3.0
58 silly idealTree:prePrune ├── fs-exists-sync@0.1.0
58 silly idealTree:prePrune ├─┬ fs-extra@1.0.0
58 silly idealTree:prePrune │ └── graceful-fs@4.1.11
58 silly idealTree:prePrune ├── fs.realpath@1.0.0
58 silly idealTree:prePrune ├─┬ fsevents@1.1.1
58 silly idealTree:prePrune │ ├── abbrev@1.1.0
58 silly idealTree:prePrune │ ├── ansi-regex@2.1.1
58 silly idealTree:prePrune │ ├── ansi-styles@2.2.1
58 silly idealTree:prePrune │ ├── aproba@1.1.1
58 silly idealTree:prePrune │ ├── are-we-there-yet@1.1.2
58 silly idealTree:prePrune │ ├── asn1@0.2.3
58 silly idealTree:prePrune │ ├── assert-plus@0.2.0
58 silly idealTree:prePrune │ ├── asynckit@0.4.0
58 silly idealTree:prePrune │ ├── aws-sign2@0.6.0
58 silly idealTree:prePrune │ ├── aws4@1.6.0
58 silly idealTree:prePrune │ ├── balanced-match@0.4.2
58 silly idealTree:prePrune │ ├── bcrypt-pbkdf@1.0.1
58 silly idealTree:prePrune │ ├── block-stream@0.0.9
58 silly idealTree:prePrune │ ├── boom@2.10.1
58 silly idealTree:prePrune │ ├── brace-expansion@1.1.6
58 silly idealTree:prePrune │ ├── buffer-shims@1.0.0
58 silly idealTree:prePrune │ ├── caseless@0.11.0
58 silly idealTree:prePrune │ ├── chalk@1.1.3
58 silly idealTree:prePrune │ ├── code-point-at@1.1.0
58 silly idealTree:prePrune │ ├── combined-stream@1.0.5
58 silly idealTree:prePrune │ ├── commander@2.9.0
58 silly idealTree:prePrune │ ├── concat-map@0.0.1
58 silly idealTree:prePrune │ ├── console-control-strings@1.1.0
58 silly idealTree:prePrune │ ├── core-util-is@1.0.2
58 silly idealTree:prePrune │ ├── cryptiles@2.0.5
58 silly idealTree:prePrune │ ├─┬ dashdash@1.14.1
58 silly idealTree:prePrune │ │ └── assert-plus@1.0.0
58 silly idealTree:prePrune │ ├── debug@2.2.0
58 silly idealTree:prePrune │ ├── deep-extend@0.4.1
58 silly idealTree:prePrune │ ├── delayed-stream@1.0.0
58 silly idealTree:prePrune │ ├── delegates@1.0.0
58 silly idealTree:prePrune │ ├── ecc-jsbn@0.1.1
58 silly idealTree:prePrune │ ├── escape-string-regexp@1.0.5
58 silly idealTree:prePrune │ ├── extend@3.0.0
58 silly idealTree:prePrune │ ├── extsprintf@1.0.2
58 silly idealTree:prePrune │ ├── forever-agent@0.6.1
58 silly idealTree:prePrune │ ├── form-data@2.1.2
58 silly idealTree:prePrune │ ├── fs.realpath@1.0.0
58 silly idealTree:prePrune │ ├── fstream-ignore@1.0.5
58 silly idealTree:prePrune │ ├── fstream@1.0.10
58 silly idealTree:prePrune │ ├── gauge@2.7.3
58 silly idealTree:prePrune │ ├── generate-function@2.0.0
58 silly idealTree:prePrune │ ├── generate-object-property@1.2.0
58 silly idealTree:prePrune │ ├─┬ getpass@0.1.6
58 silly idealTree:prePrune │ │ └── assert-plus@1.0.0
58 silly idealTree:prePrune │ ├── glob@7.1.1
58 silly idealTree:prePrune │ ├── graceful-fs@4.1.11
58 silly idealTree:prePrune │ ├── graceful-readlink@1.0.1
58 silly idealTree:prePrune │ ├── har-validator@2.0.6
58 silly idealTree:prePrune │ ├── has-ansi@2.0.0
58 silly idealTree:prePrune │ ├── has-unicode@2.0.1
58 silly idealTree:prePrune │ ├── hawk@3.1.3
58 silly idealTree:prePrune │ ├── hoek@2.16.3
58 silly idealTree:prePrune │ ├── http-signature@1.1.1
58 silly idealTree:prePrune │ ├── inflight@1.0.6
58 silly idealTree:prePrune │ ├── inherits@2.0.3
58 silly idealTree:prePrune │ ├── ini@1.3.4
58 silly idealTree:prePrune │ ├── is-fullwidth-code-point@1.0.0
58 silly idealTree:prePrune │ ├── is-my-json-valid@2.15.0
58 silly idealTree:prePrune │ ├── is-property@1.0.2
58 silly idealTree:prePrune │ ├── is-typedarray@1.0.0
58 silly idealTree:prePrune │ ├── isarray@1.0.0
58 silly idealTree:prePrune │ ├── isstream@0.1.2
58 silly idealTree:prePrune │ ├── jodid25519@1.0.2
58 silly idealTree:prePrune │ ├── jsbn@0.1.1
58 silly idealTree:prePrune │ ├── json-schema@0.2.3
58 silly idealTree:prePrune │ ├── json-stringify-safe@5.0.1
58 silly idealTree:prePrune │ ├── jsonpointer@4.0.1
58 silly idealTree:prePrune │ ├── jsprim@1.3.1
58 silly idealTree:prePrune │ ├── mime-db@1.26.0
58 silly idealTree:prePrune │ ├── mime-types@2.1.14
58 silly idealTree:prePrune │ ├── minimatch@3.0.3
58 silly idealTree:prePrune │ ├── minimist@0.0.8
58 silly idealTree:prePrune │ ├── mkdirp@0.5.1
58 silly idealTree:prePrune │ ├── ms@0.7.1
58 silly idealTree:prePrune │ ├── node-pre-gyp@0.6.33
58 silly idealTree:prePrune │ ├── nopt@3.0.6
58 silly idealTree:prePrune │ ├── npmlog@4.0.2
58 silly idealTree:prePrune │ ├── number-is-nan@1.0.1
58 silly idealTree:prePrune │ ├── oauth-sign@0.8.2
58 silly idealTree:prePrune │ ├── object-assign@4.1.1
58 silly idealTree:prePrune │ ├── once@1.4.0
58 silly idealTree:prePrune │ ├── path-is-absolute@1.0.1
58 silly idealTree:prePrune │ ├── pinkie-promise@2.0.1
58 silly idealTree:prePrune │ ├── pinkie@2.0.4
58 silly idealTree:prePrune │ ├── process-nextick-args@1.0.7
58 silly idealTree:prePrune │ ├── punycode@1.4.1
58 silly idealTree:prePrune │ ├── qs@6.3.1
58 silly idealTree:prePrune │ ├─┬ rc@1.1.7
58 silly idealTree:prePrune │ │ └── minimist@1.2.0
58 silly idealTree:prePrune │ ├── readable-stream@2.2.2
58 silly idealTree:prePrune │ ├── request@2.79.0
58 silly idealTree:prePrune │ ├── rimraf@2.5.4
58 silly idealTree:prePrune │ ├── semver@5.3.0
58 silly idealTree:prePrune │ ├── set-blocking@2.0.0
58 silly idealTree:prePrune │ ├── signal-exit@3.0.2
58 silly idealTree:prePrune │ ├── sntp@1.0.9
58 silly idealTree:prePrune │ ├─┬ sshpk@1.10.2
58 silly idealTree:prePrune │ │ └── assert-plus@1.0.0
58 silly idealTree:prePrune │ ├── string_decoder@0.10.31
58 silly idealTree:prePrune │ ├── string-width@1.0.2
58 silly idealTree:prePrune │ ├── stringstream@0.0.5
58 silly idealTree:prePrune │ ├── strip-ansi@3.0.1
58 silly idealTree:prePrune │ ├── strip-json-comments@2.0.1
58 silly idealTree:prePrune │ ├── supports-color@2.0.0
58 silly idealTree:prePrune │ ├─┬ tar-pack@3.3.0
58 silly idealTree:prePrune │ │ ├── once@1.3.3
58 silly idealTree:prePrune │ │ └── readable-stream@2.1.5
58 silly idealTree:prePrune │ ├── tar@2.2.1
58 silly idealTree:prePrune │ ├── tough-cookie@2.3.2
58 silly idealTree:prePrune │ ├── tunnel-agent@0.4.3
58 silly idealTree:prePrune │ ├── tweetnacl@0.14.5
58 silly idealTree:prePrune │ ├── uid-number@0.0.6
58 silly idealTree:prePrune │ ├── util-deprecate@1.0.2
58 silly idealTree:prePrune │ ├── uuid@3.0.1
58 silly idealTree:prePrune │ ├── verror@1.3.6
58 silly idealTree:prePrune │ ├── wide-align@1.1.0
58 silly idealTree:prePrune │ ├── wrappy@1.0.2
58 silly idealTree:prePrune │ └── xtend@4.0.1
58 silly idealTree:prePrune ├─┬ fstream@1.0.10
58 silly idealTree:prePrune │ └── graceful-fs@4.1.11
58 silly idealTree:prePrune ├─┬ gauge@2.7.3
58 silly idealTree:prePrune │ └── object-assign@4.1.1
58 silly idealTree:prePrune ├── gaze@0.5.2
58 silly idealTree:prePrune ├── generate-function@2.0.0
58 silly idealTree:prePrune ├── generate-object-property@1.2.0
58 silly idealTree:prePrune ├── get-caller-file@1.0.2
58 silly idealTree:prePrune ├── get-stdin@4.0.1
58 silly idealTree:prePrune ├─┬ getpass@0.1.6
58 silly idealTree:prePrune │ └── assert-plus@1.0.0
58 silly idealTree:prePrune ├── glob-base@0.3.0
58 silly idealTree:prePrune ├── glob-parent@2.0.0
58 silly idealTree:prePrune ├─┬ glob-stream@3.1.18
58 silly idealTree:prePrune │ ├── readable-stream@1.0.34
58 silly idealTree:prePrune │ └── through2@0.6.5
58 silly idealTree:prePrune ├── glob-watcher@0.0.6
58 silly idealTree:prePrune ├── glob@4.5.3
58 silly idealTree:prePrune ├── glob2base@0.0.12
58 silly idealTree:prePrune ├── global-modules@0.2.3
58 silly idealTree:prePrune ├── global-prefix@0.1.5
58 silly idealTree:prePrune ├─┬ globule@0.1.0
58 silly idealTree:prePrune │ ├── glob@3.1.21
58 silly idealTree:prePrune │ ├── graceful-fs@1.2.3
58 silly idealTree:prePrune │ ├── inherits@1.0.2
58 silly idealTree:prePrune │ └── minimatch@0.2.14
58 silly idealTree:prePrune ├── glogg@1.0.0
58 silly idealTree:prePrune ├── graceful-fs@3.0.11
58 silly idealTree:prePrune ├── graceful-readlink@1.0.1
58 silly idealTree:prePrune ├─┬ gulp-concat@2.6.1
58 silly idealTree:prePrune │ ├── clone-stats@1.0.0
58 silly idealTree:prePrune │ ├── replace-ext@1.0.0
58 silly idealTree:prePrune │ └── vinyl@2.0.1
58 silly idealTree:prePrune ├─┬ gulp-minify-css@1.2.4
58 silly idealTree:prePrune │ ├── isarray@1.0.0
58 silly idealTree:prePrune │ ├── object-assign@4.1.1
58 silly idealTree:prePrune │ └── readable-stream@2.2.3
58 silly idealTree:prePrune ├── gulp-sass@3.1.0
58 silly idealTree:prePrune ├─┬ gulp-uglify@2.0.1
58 silly idealTree:prePrune │ └── lodash@4.17.4
58 silly idealTree:prePrune ├── gulp-util@3.0.8
58 silly idealTree:prePrune ├── gulp@3.9.1
58 silly idealTree:prePrune ├── gulplog@1.0.0
58 silly idealTree:prePrune ├── har-schema@1.0.5
58 silly idealTree:prePrune ├── har-validator@4.2.1
58 silly idealTree:prePrune ├── has-ansi@2.0.0
58 silly idealTree:prePrune ├── has-binary@0.1.7
58 silly idealTree:prePrune ├── has-cors@1.1.0
58 silly idealTree:prePrune ├── has-gulplog@0.1.0
58 silly idealTree:prePrune ├── has-unicode@2.0.1
58 silly idealTree:prePrune ├── hawk@3.1.3
58 silly idealTree:prePrune ├── hoek@2.16.3
58 silly idealTree:prePrune ├── homedir-polyfill@1.0.1
58 silly idealTree:prePrune ├── hosted-git-info@2.2.0
58 silly idealTree:prePrune ├── http-errors@1.5.1
58 silly idealTree:prePrune ├── http-proxy@1.15.2
58 silly idealTree:prePrune ├── http-signature@1.1.1
58 silly idealTree:prePrune ├── immutable@3.8.1
58 silly idealTree:prePrune ├── in-publish@2.0.0
58 silly idealTree:prePrune ├── indent-string@2.1.0
58 silly idealTree:prePrune ├── indexof@0.0.1
58 silly idealTree:prePrune ├── inflight@1.0.6
58 silly idealTree:prePrune ├── inherits@2.0.3
58 silly idealTree:prePrune ├── ini@1.3.4
58 silly idealTree:prePrune ├── interpret@1.0.1
58 silly idealTree:prePrune ├── invert-kv@1.0.0
58 silly idealTree:prePrune ├── is-absolute@0.2.6
58 silly idealTree:prePrune ├── is-arrayish@0.2.1
58 silly idealTree:prePrune ├── is-binary-path@1.0.1
58 silly idealTree:prePrune ├── is-buffer@1.1.4
58 silly idealTree:prePrune ├── is-builtin-module@1.0.0
58 silly idealTree:prePrune ├── is-dotfile@1.0.2
58 silly idealTree:prePrune ├── is-equal-shallow@0.1.3
58 silly idealTree:prePrune ├── is-extendable@0.1.1
58 silly idealTree:prePrune ├── is-extglob@1.0.0
58 silly idealTree:prePrune ├── is-finite@1.0.2
58 silly idealTree:prePrune ├── is-fullwidth-code-point@1.0.0
58 silly idealTree:prePrune ├── is-glob@2.0.1
58 silly idealTree:prePrune ├── is-my-json-valid@2.16.0
58 silly idealTree:prePrune ├── is-number-like@1.0.7
58 silly idealTree:prePrune ├── is-number@2.1.0
58 silly idealTree:prePrune ├── is-posix-bracket@0.1.1
58 silly idealTree:prePrune ├── is-primitive@2.0.0
58 silly idealTree:prePrune ├── is-property@1.0.2
58 silly idealTree:prePrune ├── is-relative@0.2.1
58 silly idealTree:prePrune ├── is-stream@1.1.0
58 silly idealTree:prePrune ├── is-typedarray@1.0.0
58 silly idealTree:prePrune ├── is-unc-path@0.1.2
58 silly idealTree:prePrune ├── is-utf8@0.2.1
58 silly idealTree:prePrune ├── is-windows@0.2.0
58 silly idealTree:prePrune ├── isarray@0.0.1
58 silly idealTree:prePrune ├── isexe@1.1.2
58 silly idealTree:prePrune ├─┬ isobject@2.1.0
58 silly idealTree:prePrune │ └── isarray@1.0.0
58 silly idealTree:prePrune ├── isstream@0.1.2
58 silly idealTree:prePrune ├── jodid25519@1.0.2
58 silly idealTree:prePrune ├── jsbn@0.1.1
58 silly idealTree:prePrune ├── json-schema@0.2.3
58 silly idealTree:prePrune ├── json-stable-stringify@1.0.1
58 silly idealTree:prePrune ├── json-stringify-safe@5.0.1
58 silly idealTree:prePrune ├── json3@3.3.2
58 silly idealTree:prePrune ├─┬ jsonfile@2.4.0
58 silly idealTree:prePrune │ └── graceful-fs@4.1.11
58 silly idealTree:prePrune ├── jsonify@0.0.0
58 silly idealTree:prePrune ├── jsonpointer@4.0.1
58 silly idealTree:prePrune ├── jsprim@1.3.1
58 silly idealTree:prePrune ├── kind-of@3.1.0
58 silly idealTree:prePrune ├─┬ klaw@1.3.1
58 silly idealTree:prePrune │ └── graceful-fs@4.1.11
58 silly idealTree:prePrune ├── lazy-cache@1.0.4
58 silly idealTree:prePrune ├── lcid@1.0.0
58 silly idealTree:prePrune ├── liftoff@2.3.0
58 silly idealTree:prePrune ├── limiter@1.1.0
58 silly idealTree:prePrune ├─┬ load-json-file@1.1.0
58 silly idealTree:prePrune │ ├── graceful-fs@4.1.11
58 silly idealTree:prePrune │ └── strip-bom@2.0.0
58 silly idealTree:prePrune ├─┬ localtunnel@1.8.2
58 silly idealTree:prePrune │ ├── caseless@0.11.0
58 silly idealTree:prePrune │ ├── cliui@3.2.0
58 silly idealTree:prePrune │ ├── commander@2.9.0
58 silly idealTree:prePrune │ ├── har-validator@2.0.6
58 silly idealTree:prePrune │ ├── node-uuid@1.4.7
58 silly idealTree:prePrune │ ├── request@2.78.0
58 silly idealTree:prePrune │ ├── window-size@0.1.4
58 silly idealTree:prePrune │ └── yargs@3.29.0
58 silly idealTree:prePrune ├── lodash._basecopy@3.0.1
58 silly idealTree:prePrune ├── lodash._basetostring@3.0.1
58 silly idealTree:prePrune ├── lodash._basevalues@3.0.0
58 silly idealTree:prePrune ├── lodash._getnative@3.9.1
58 silly idealTree:prePrune ├── lodash._isiterateecall@3.0.9
58 silly idealTree:prePrune ├── lodash._reescape@3.0.0
58 silly idealTree:prePrune ├── lodash._reevaluate@3.0.0
58 silly idealTree:prePrune ├── lodash._reinterpolate@3.0.0
58 silly idealTree:prePrune ├── lodash._root@3.0.1
58 silly idealTree:prePrune ├── lodash.assign@4.2.0
58 silly idealTree:prePrune ├── lodash.assignwith@4.2.0
58 silly idealTree:prePrune ├── lodash.clonedeep@4.5.0
58 silly idealTree:prePrune ├── lodash.escape@3.2.0
58 silly idealTree:prePrune ├── lodash.isarguments@3.1.0
58 silly idealTree:prePrune ├── lodash.isarray@3.0.4
58 silly idealTree:prePrune ├── lodash.isempty@4.4.0
58 silly idealTree:prePrune ├── lodash.isfinite@3.3.2
58 silly idealTree:prePrune ├── lodash.isplainobject@4.0.6
58 silly idealTree:prePrune ├── lodash.isstring@4.0.1
58 silly idealTree:prePrune ├── lodash.keys@3.1.2
58 silly idealTree:prePrune ├── lodash.mapvalues@4.6.0
58 silly idealTree:prePrune ├── lodash.mergewith@4.6.0
58 silly idealTree:prePrune ├── lodash.pick@4.4.0
58 silly idealTree:prePrune ├── lodash.restparam@3.6.1
58 silly idealTree:prePrune ├── lodash.template@3.6.2
58 silly idealTree:prePrune ├── lodash.templatesettings@3.1.1
58 silly idealTree:prePrune ├── lodash@1.0.2
58 silly idealTree:prePrune ├── longest@1.0.1
58 silly idealTree:prePrune ├── loud-rejection@1.6.0
58 silly idealTree:prePrune ├── lru-cache@2.7.3
58 silly idealTree:prePrune ├── magic-string@0.14.0
58 silly idealTree:prePrune ├── make-error-cause@1.2.2
58 silly idealTree:prePrune ├── make-error@1.2.2
58 silly idealTree:prePrune ├── map-cache@0.2.2
58 silly idealTree:prePrune ├── map-obj@1.0.1
58 silly idealTree:prePrune ├─┬ meow@3.7.0
58 silly idealTree:prePrune │ └── object-assign@4.1.1
58 silly idealTree:prePrune ├── micromatch@2.3.11
58 silly idealTree:prePrune ├── mime-db@1.26.0
58 silly idealTree:prePrune ├── mime-types@2.1.14
58 silly idealTree:prePrune ├── mime@1.2.4
58 silly idealTree:prePrune ├── minimatch@2.0.10
58 silly idealTree:prePrune ├── minimist@1.2.0
58 silly idealTree:prePrune ├─┬ mkdirp@0.5.1
58 silly idealTree:prePrune │ └── minimist@0.0.8
58 silly idealTree:prePrune ├── ms@0.7.1
58 silly idealTree:prePrune ├── multipipe@0.1.2
58 silly idealTree:prePrune ├── nan@2.5.1
58 silly idealTree:prePrune ├── natives@1.1.0
58 silly idealTree:prePrune ├── negotiator@0.6.1
58 silly idealTree:prePrune ├─┬ node-gyp@3.5.0
58 silly idealTree:prePrune │ ├── glob@7.1.1
58 silly idealTree:prePrune │ ├── graceful-fs@4.1.11
58 silly idealTree:prePrune │ └── minimatch@3.0.3
58 silly idealTree:prePrune ├─┬ node-sass@4.5.0
58 silly idealTree:prePrune │ ├── gaze@1.1.2
58 silly idealTree:prePrune │ ├── glob@7.1.1
58 silly idealTree:prePrune │ ├── globule@1.1.0
58 silly idealTree:prePrune │ ├── lodash@4.16.6
58 silly idealTree:prePrune │ └── minimatch@3.0.3
58 silly idealTree:prePrune ├── nopt@3.0.6
58 silly idealTree:prePrune ├── normalize-package-data@2.3.5
58 silly idealTree:prePrune ├── normalize-path@2.0.1
58 silly idealTree:prePrune ├── npmlog@4.0.2
58 silly idealTree:prePrune ├── number-is-nan@1.0.1
58 silly idealTree:prePrune ├── oauth-sign@0.8.2
58 silly idealTree:prePrune ├── object-assign@3.0.0
58 silly idealTree:prePrune ├── object-component@0.0.3
58 silly idealTree:prePrune ├── object-path@0.9.2
58 silly idealTree:prePrune ├── object.omit@2.0.1
58 silly idealTree:prePrune ├── on-finished@2.3.0
58 silly idealTree:prePrune ├── once@1.3.3
58 silly idealTree:prePrune ├── openurl@1.1.0
58 silly idealTree:prePrune ├─┬ opn@4.0.2
58 silly idealTree:prePrune │ └── object-assign@4.1.1
58 silly idealTree:prePrune ├── options@0.0.6
58 silly idealTree:prePrune ├── orchestrator@0.3.8
58 silly idealTree:prePrune ├── ordered-read-streams@0.1.0
58 silly idealTree:prePrune ├── os-homedir@1.0.2
58 silly idealTree:prePrune ├── os-locale@1.4.0
58 silly idealTree:prePrune ├── os-tmpdir@1.0.2
58 silly idealTree:prePrune ├── osenv@0.1.4
58 silly idealTree:prePrune ├── parse-filepath@1.0.1
58 silly idealTree:prePrune ├── parse-glob@3.0.4
58 silly idealTree:prePrune ├── parse-json@2.2.0
58 silly idealTree:prePrune ├── parse-passwd@1.0.0
58 silly idealTree:prePrune ├── parsejson@0.0.3
58 silly idealTree:prePrune ├── parseqs@0.0.5
58 silly idealTree:prePrune ├── parseuri@0.0.5
58 silly idealTree:prePrune ├── parseurl@1.3.1
58 silly idealTree:prePrune ├── path-exists@2.1.0
58 silly idealTree:prePrune ├── path-is-absolute@1.0.1
58 silly idealTree:prePrune ├── path-parse@1.0.5
58 silly idealTree:prePrune ├── path-root-regex@0.1.2
58 silly idealTree:prePrune ├── path-root@0.1.1
58 silly idealTree:prePrune ├─┬ path-type@1.1.0
58 silly idealTree:prePrune │ └── graceful-fs@4.1.11
58 silly idealTree:prePrune ├── performance-now@0.2.0
58 silly idealTree:prePrune ├── pify@2.3.0
58 silly idealTree:prePrune ├── pinkie-promise@2.0.1
58 silly idealTree:prePrune ├── pinkie@2.0.4
58 silly idealTree:prePrune ├─┬ portscanner@2.1.1
58 silly idealTree:prePrune │ └── async@1.5.2
58 silly idealTree:prePrune ├── preserve@0.2.0
58 silly idealTree:prePrune ├── pretty-hrtime@1.0.3
58 silly idealTree:prePrune ├── process-nextick-args@1.0.7
58 silly idealTree:prePrune ├── pseudomap@1.0.2
58 silly idealTree:prePrune ├── punycode@1.4.1
58 silly idealTree:prePrune ├── qs@6.3.2
58 silly idealTree:prePrune ├── randomatic@1.1.6
58 silly idealTree:prePrune ├── range-parser@1.2.0
58 silly idealTree:prePrune ├── read-pkg-up@1.0.1
58 silly idealTree:prePrune ├── read-pkg@1.1.0
58 silly idealTree:prePrune ├── readable-stream@1.1.14
58 silly idealTree:prePrune ├─┬ readdirp@2.1.0
58 silly idealTree:prePrune │ ├── graceful-fs@4.1.11
58 silly idealTree:prePrune │ ├── isarray@1.0.0
58 silly idealTree:prePrune │ ├── minimatch@3.0.3
58 silly idealTree:prePrune │ └── readable-stream@2.2.3
58 silly idealTree:prePrune ├── rechoir@0.6.2
58 silly idealTree:prePrune ├── redent@1.0.0
58 silly idealTree:prePrune ├── regex-cache@0.4.3
58 silly idealTree:prePrune ├── remove-trailing-separator@1.0.1
58 silly idealTree:prePrune ├── repeat-element@1.1.2
58 silly idealTree:prePrune ├── repeat-string@1.6.1
58 silly idealTree:prePrune ├── repeating@2.0.1
58 silly idealTree:prePrune ├── replace-ext@0.0.1
58 silly idealTree:prePrune ├── request@2.80.0
58 silly idealTree:prePrune ├── require-directory@2.1.1
58 silly idealTree:prePrune ├── require-main-filename@1.0.1
58 silly idealTree:prePrune ├── requires-port@1.0.0
58 silly idealTree:prePrune ├── resolve-dir@0.1.1
58 silly idealTree:prePrune ├── resolve@1.3.2
58 silly idealTree:prePrune ├─┬ resp-modifier@6.0.2
58 silly idealTree:prePrune │ └── minimatch@3.0.3
58 silly idealTree:prePrune ├── right-align@0.1.3
58 silly idealTree:prePrune ├─┬ rimraf@2.6.1
58 silly idealTree:prePrune │ ├── glob@7.1.1
58 silly idealTree:prePrune │ └── minimatch@3.0.3
58 silly idealTree:prePrune ├── rx@4.1.0
58 silly idealTree:prePrune ├─┬ sass-graph@2.1.2
58 silly idealTree:prePrune │ ├── cliui@3.2.0
58 silly idealTree:prePrune │ ├── glob@7.1.1
58 silly idealTree:prePrune │ ├── lodash@4.17.4
58 silly idealTree:prePrune │ ├── minimatch@3.0.3
58 silly idealTree:prePrune │ ├── window-size@0.2.0
58 silly idealTree:prePrune │ └── yargs@4.8.1
58 silly idealTree:prePrune ├── semver@4.3.6
58 silly idealTree:prePrune ├─┬ send@0.14.1
58 silly idealTree:prePrune │ ├── etag@1.7.0
58 silly idealTree:prePrune │ └── mime@1.3.4
58 silly idealTree:prePrune ├── sequencify@0.0.7
58 silly idealTree:prePrune ├── serve-index@1.8.0
58 silly idealTree:prePrune ├── serve-static@1.11.1
58 silly idealTree:prePrune ├── server-destroy@1.0.1
58 silly idealTree:prePrune ├── set-blocking@2.0.0
58 silly idealTree:prePrune ├── set-immediate-shim@1.0.1
58 silly idealTree:prePrune ├── setprototypeof@1.0.2
58 silly idealTree:prePrune ├── sigmund@1.0.1
58 silly idealTree:prePrune ├── signal-exit@3.0.2
58 silly idealTree:prePrune ├── sntp@1.0.9
58 silly idealTree:prePrune ├─┬ socket.io-adapter@0.5.0
58 silly idealTree:prePrune │ ├── debug@2.3.3
58 silly idealTree:prePrune │ └── ms@0.7.2
58 silly idealTree:prePrune ├─┬ socket.io-client@1.6.0
58 silly idealTree:prePrune │ ├── component-emitter@1.2.1
58 silly idealTree:prePrune │ ├── debug@2.3.3
58 silly idealTree:prePrune │ └── ms@0.7.2
58 silly idealTree:prePrune ├── socket.io-parser@2.3.1
58 silly idealTree:prePrune ├─┬ socket.io@1.6.0
58 silly idealTree:prePrune │ ├── debug@2.3.3
58 silly idealTree:prePrune │ ├── ms@0.7.2
58 silly idealTree:prePrune │ └── object-assign@4.1.0
58 silly idealTree:prePrune ├── source-map@0.5.6
58 silly idealTree:prePrune ├── sparkles@1.0.0
58 silly idealTree:prePrune ├── spdx-correct@1.0.2
58 silly idealTree:prePrune ├── spdx-expression-parse@1.0.4
58 silly idealTree:prePrune ├── spdx-license-ids@1.2.2
58 silly idealTree:prePrune ├─┬ sshpk@1.11.0
58 silly idealTree:prePrune │ └── assert-plus@1.0.0
58 silly idealTree:prePrune ├── statuses@1.3.1
58 silly idealTree:prePrune ├─┬ stdout-stream@1.4.0
58 silly idealTree:prePrune │ ├── isarray@1.0.0
58 silly idealTree:prePrune │ └── readable-stream@2.2.3
58 silly idealTree:prePrune ├── stream-consume@0.1.0
58 silly idealTree:prePrune ├── stream-throttle@0.1.3
58 silly idealTree:prePrune ├── string_decoder@0.10.31
58 silly idealTree:prePrune ├── string-width@1.0.2
58 silly idealTree:prePrune ├── stringstream@0.0.5
58 silly idealTree:prePrune ├── strip-ansi@3.0.1
58 silly idealTree:prePrune ├── strip-bom@1.0.0
58 silly idealTree:prePrune ├── strip-indent@1.0.1
58 silly idealTree:prePrune ├── supports-color@2.0.0
58 silly idealTree:prePrune ├── tar@2.2.1
58 silly idealTree:prePrune ├── tfunk@3.1.0
58 silly idealTree:prePrune ├─┬ through2@2.0.3
58 silly idealTree:prePrune │ ├── isarray@1.0.0
58 silly idealTree:prePrune │ └── readable-stream@2.2.3
58 silly idealTree:prePrune ├── tildify@1.2.0
58 silly idealTree:prePrune ├── time-stamp@1.0.1
58 silly idealTree:prePrune ├── to-array@0.1.4
58 silly idealTree:prePrune ├── tough-cookie@2.3.2
58 silly idealTree:prePrune ├── trim-newlines@1.0.0
58 silly idealTree:prePrune ├── tunnel-agent@0.4.3
58 silly idealTree:prePrune ├── tweetnacl@0.14.5
58 silly idealTree:prePrune ├── ua-parser-js@0.7.12
58 silly idealTree:prePrune ├── uglify-js@2.7.5
58 silly idealTree:prePrune ├── uglify-save-license@0.4.1
58 silly idealTree:prePrune ├── uglify-to-browserify@1.0.2
58 silly idealTree:prePrune ├── ultron@1.0.2
58 silly idealTree:prePrune ├── unc-path-regex@0.1.2
58 silly idealTree:prePrune ├── underscore@1.7.0
58 silly idealTree:prePrune ├── unique-stream@1.0.0
58 silly idealTree:prePrune ├── unpipe@1.0.0
58 silly idealTree:prePrune ├── user-home@1.1.1
58 silly idealTree:prePrune ├── util-deprecate@1.0.2
58 silly idealTree:prePrune ├── utils-merge@1.0.0
58 silly idealTree:prePrune ├── uuid@3.0.1
58 silly idealTree:prePrune ├── v8flags@2.0.11
58 silly idealTree:prePrune ├── validate-npm-package-license@3.0.1
58 silly idealTree:prePrune ├── verror@1.3.6
58 silly idealTree:prePrune ├── vinyl-bufferstream@1.0.1
58 silly idealTree:prePrune ├─┬ vinyl-fs@0.3.14
58 silly idealTree:prePrune │ ├── clone@0.2.0
58 silly idealTree:prePrune │ ├── readable-stream@1.0.34
58 silly idealTree:prePrune │ ├── through2@0.6.5
58 silly idealTree:prePrune │ └── vinyl@0.4.6
58 silly idealTree:prePrune ├── vinyl-sourcemaps-apply@0.2.1
58 silly idealTree:prePrune ├── vinyl@0.5.3
58 silly idealTree:prePrune ├── vlq@0.2.1
58 silly idealTree:prePrune ├── weinre@2.0.0-pre-I0Z7U9OV
58 silly idealTree:prePrune ├── which-module@1.0.0
58 silly idealTree:prePrune ├── which@1.2.12
58 silly idealTree:prePrune ├── wide-align@1.1.0
58 silly idealTree:prePrune ├── window-size@0.1.0
58 silly idealTree:prePrune ├── wordwrap@0.0.2
58 silly idealTree:prePrune ├── wrap-ansi@2.1.0
58 silly idealTree:prePrune ├── wrappy@1.0.2
58 silly idealTree:prePrune ├── ws@1.1.1
58 silly idealTree:prePrune ├── wtf-8@1.0.0
58 silly idealTree:prePrune ├── xmlhttprequest-ssl@1.5.3
58 silly idealTree:prePrune ├── xtend@4.0.1
58 silly idealTree:prePrune ├── y18n@3.2.1
58 silly idealTree:prePrune ├── yallist@2.0.0
58 silly idealTree:prePrune ├─┬ yargs-parser@2.4.1
58 silly idealTree:prePrune │ └── camelcase@3.0.0
58 silly idealTree:prePrune ├── yargs@3.10.0
58 silly idealTree:prePrune └── yeast@0.1.2
59 silly loadIdealTree Finishing
60 silly currentTree tonytest1@1.0.0
60 silly currentTree ├── abbrev@1.1.0
60 silly currentTree ├── accepts@1.3.3
60 silly currentTree ├── acorn-jsx@3.0.1
60 silly currentTree ├── acorn-object-spread@1.0.0
60 silly currentTree ├── acorn@3.3.0
60 silly currentTree ├── after@0.8.1
60 silly currentTree ├── ajv@4.11.4
60 silly currentTree ├── align-text@0.1.4
60 silly currentTree ├── amdefine@1.0.1
60 silly currentTree ├── ansi-regex@2.1.1
60 silly currentTree ├── ansi-styles@2.2.1
60 silly currentTree ├── anymatch@1.3.0
60 silly currentTree ├── aproba@1.1.1
60 silly currentTree ├── archy@1.0.0
60 silly currentTree ├── are-we-there-yet@1.1.2
60 silly currentTree ├── arr-diff@2.0.0
60 silly currentTree ├── arr-flatten@1.0.1
60 silly currentTree ├── array-differ@1.0.0
60 silly currentTree ├── array-find-index@1.0.2
60 silly currentTree ├── array-uniq@1.0.3
60 silly currentTree ├── array-unique@0.2.1
60 silly currentTree ├── arraybuffer.slice@0.0.6
60 silly currentTree ├── arrify@1.0.1
60 silly currentTree ├── asn1@0.2.3
60 silly currentTree ├── assert-plus@0.2.0
60 silly currentTree ├── async-each-series@0.1.1
60 silly currentTree ├── async-each@1.0.1
60 silly currentTree ├── async-foreach@0.1.3
60 silly currentTree ├── async@0.2.10
60 silly currentTree ├── asynckit@0.4.0
60 silly currentTree ├── aws-sign2@0.6.0
60 silly currentTree ├── aws4@1.6.0
60 silly currentTree ├── backo2@1.0.2
60 silly currentTree ├── balanced-match@0.4.2
60 silly currentTree ├── base64-arraybuffer@0.1.5
60 silly currentTree ├── base64id@0.1.0
60 silly currentTree ├── batch@0.5.3
60 silly currentTree ├── bcrypt-pbkdf@1.0.1
60 silly currentTree ├── beeper@1.1.1
60 silly currentTree ├── better-assert@1.0.2
60 silly currentTree ├── binary-extensions@1.8.0
60 silly currentTree ├── blob@0.0.4
60 silly currentTree ├── block-stream@0.0.9
60 silly currentTree ├── boom@2.10.1
60 silly currentTree ├── bower@1.8.0
60 silly currentTree ├── brace-expansion@1.1.6
60 silly currentTree ├── braces@1.8.5
60 silly currentTree ├── browser-sync-client@2.4.5
60 silly currentTree ├── browser-sync-ui@0.6.3
60 silly currentTree ├─┬ browser-sync@2.18.8
60 silly currentTree │ ├── camelcase@3.0.0
60 silly currentTree │ ├── cliui@3.2.0
60 silly currentTree │ ├── qs@6.2.1
60 silly currentTree │ ├── window-size@0.2.0
60 silly currentTree │ ├── yargs-parser@4.2.1
60 silly currentTree │ └── yargs@6.4.0
60 silly currentTree ├── bs-recipes@1.3.4
60 silly currentTree ├── buble@0.12.5
60 silly currentTree ├─┬ bubleify@0.5.1
60 silly currentTree │ └── object-assign@4.1.1
60 silly currentTree ├── buffer-shims@1.0.0
60 silly currentTree ├── bufferstreams@1.0.1
60 silly currentTree ├── builtin-modules@1.1.1
60 silly currentTree ├── callsite@1.0.0
60 silly currentTree ├─┬ camelcase-keys@2.1.0
60 silly currentTree │ └── camelcase@2.1.1
60 silly currentTree ├── camelcase@1.2.1
60 silly currentTree ├── caseless@0.12.0
60 silly currentTree ├── center-align@0.1.3
60 silly currentTree ├── chalk@1.1.3
60 silly currentTree ├── chokidar@1.6.1
60 silly currentTree ├─┬ clean-css@3.4.25
60 silly currentTree │ └── source-map@0.4.4
60 silly currentTree ├── cliui@2.1.0
60 silly currentTree ├── clone-buffer@1.0.0
60 silly currentTree ├── clone-stats@0.0.1
60 silly currentTree ├── clone@1.0.2
60 silly currentTree ├── cloneable-readable@1.0.0
60 silly currentTree ├── co@4.6.0
60 silly currentTree ├── code-point-at@1.1.0
60 silly currentTree ├── combined-stream@1.0.5
60 silly currentTree ├── commander@2.8.1
60 silly currentTree ├── component-bind@1.0.0
60 silly currentTree ├── component-emitter@1.1.2
60 silly currentTree ├── component-inherit@0.0.3
60 silly currentTree ├── concat-map@0.0.1
60 silly currentTree ├── concat-with-sourcemaps@1.0.4
60 silly currentTree ├── connect-history-api-fallback@1.3.0
60 silly currentTree ├── connect@3.5.0
60 silly currentTree ├── console-control-strings@1.1.0
60 silly currentTree ├── cookie@0.3.1
60 silly currentTree ├── core-util-is@1.0.2
60 silly currentTree ├─┬ cross-spawn@3.0.1
60 silly currentTree │ └── lru-cache@4.0.2
60 silly currentTree ├── cryptiles@2.0.5
60 silly currentTree ├── currently-unhandled@0.4.1
60 silly currentTree ├─┬ dashdash@1.14.1
60 silly currentTree │ └── assert-plus@1.0.0
60 silly currentTree ├── dateformat@2.0.0
60 silly currentTree ├── debug@2.2.0
60 silly currentTree ├── decamelize@1.2.0
60 silly currentTree ├── defaults@1.0.3
60 silly currentTree ├── delayed-stream@1.0.0
60 silly currentTree ├── delegates@1.0.0
60 silly currentTree ├── depd@1.1.0
60 silly currentTree ├── deprecated@0.0.1
60 silly currentTree ├── destroy@1.0.4
60 silly currentTree ├── detect-file@0.1.0
60 silly currentTree ├── dev-ip@1.0.1
60 silly currentTree ├── duplexer2@0.0.2
60 silly currentTree ├─┬ easy-extender@2.3.2
60 silly currentTree │ └── lodash@3.10.1
60 silly currentTree ├── eazy-logger@3.0.2
60 silly currentTree ├── ecc-jsbn@0.1.1
60 silly currentTree ├── ee-first@1.1.1
60 silly currentTree ├── emitter-steward@1.0.0
60 silly currentTree ├── encodeurl@1.0.1
60 silly currentTree ├── end-of-stream@0.1.5
60 silly currentTree ├─┬ engine.io-client@1.8.0
60 silly currentTree │ ├── component-emitter@1.2.1
60 silly currentTree │ ├── debug@2.3.3
60 silly currentTree │ └── ms@0.7.2
60 silly currentTree ├─┬ engine.io-parser@1.3.1
60 silly currentTree │ └── has-binary@0.1.6
60 silly currentTree ├─┬ engine.io@1.8.0
60 silly currentTree │ ├── debug@2.3.3
60 silly currentTree │ └── ms@0.7.2
60 silly currentTree ├── error-ex@1.3.1
60 silly currentTree ├── escape-html@1.0.3
60 silly currentTree ├── escape-string-regexp@1.0.5
60 silly currentTree ├── etag@1.8.0
60 silly currentTree ├── eventemitter3@1.2.0
60 silly currentTree ├── expand-brackets@0.1.5
60 silly currentTree ├── expand-range@1.8.2
60 silly currentTree ├── expand-tilde@1.2.2
60 silly currentTree ├─┬ express@2.5.11
60 silly currentTree │ ├── connect@1.9.2
60 silly currentTree │ ├── mkdirp@0.3.0
60 silly currentTree │ └── qs@0.4.2
60 silly currentTree ├── extend@3.0.0
60 silly currentTree ├── extglob@0.3.2
60 silly currentTree ├── extsprintf@1.0.2
60 silly currentTree ├── fancy-log@1.3.0
60 silly currentTree ├── filename-regex@2.0.0
60 silly currentTree ├── fill-range@2.2.3
60 silly currentTree ├── finalhandler@0.5.0
60 silly currentTree ├── find-index@0.1.1
60 silly currentTree ├── find-up@1.1.2
60 silly currentTree ├── findup-sync@0.4.3
60 silly currentTree ├── fined@1.0.2
60 silly currentTree ├── first-chunk-stream@1.0.0
60 silly currentTree ├── flagged-respawn@0.3.2
60 silly currentTree ├── for-in@1.0.2
60 silly currentTree ├── for-own@0.1.5
60 silly currentTree ├── forever-agent@0.6.1
60 silly currentTree ├── form-data@2.1.2
60 silly currentTree ├── formidable@1.0.17
60 silly currentTree ├── fresh@0.3.0
60 silly currentTree ├── fs-exists-sync@0.1.0
60 silly currentTree ├─┬ fs-extra@1.0.0
60 silly currentTree │ └── graceful-fs@4.1.11
60 silly currentTree ├── fs.realpath@1.0.0
60 silly currentTree ├─┬ fsevents@1.1.1
60 silly currentTree │ ├── abbrev@1.1.0
60 silly currentTree │ ├── ansi-regex@2.1.1
60 silly currentTree │ ├── ansi-styles@2.2.1
60 silly currentTree │ ├── aproba@1.1.1
60 silly currentTree │ ├── are-we-there-yet@1.1.2
60 silly currentTree │ ├── asn1@0.2.3
60 silly currentTree │ ├── assert-plus@0.2.0
60 silly currentTree │ ├── asynckit@0.4.0
60 silly currentTree │ ├── aws-sign2@0.6.0
60 silly currentTree │ ├── aws4@1.6.0
60 silly currentTree │ ├── balanced-match@0.4.2
60 silly currentTree │ ├── bcrypt-pbkdf@1.0.1
60 silly currentTree │ ├── block-stream@0.0.9
60 silly currentTree │ ├── boom@2.10.1
60 silly currentTree │ ├── brace-expansion@1.1.6
60 silly currentTree │ ├── buffer-shims@1.0.0
60 silly currentTree │ ├── caseless@0.11.0
60 silly currentTree │ ├── chalk@1.1.3
60 silly currentTree │ ├── code-point-at@1.1.0
60 silly currentTree │ ├── combined-stream@1.0.5
60 silly currentTree │ ├── commander@2.9.0
60 silly currentTree │ ├── concat-map@0.0.1
60 silly currentTree │ ├── console-control-strings@1.1.0
60 silly currentTree │ ├── core-util-is@1.0.2
60 silly currentTree │ ├── cryptiles@2.0.5
60 silly currentTree │ ├─┬ dashdash@1.14.1
60 silly currentTree │ │ └── assert-plus@1.0.0
60 silly currentTree │ ├── debug@2.2.0
60 silly currentTree │ ├── deep-extend@0.4.1
60 silly currentTree │ ├── delayed-stream@1.0.0
60 silly currentTree │ ├── delegates@1.0.0
60 silly currentTree │ ├── ecc-jsbn@0.1.1
60 silly currentTree │ ├── escape-string-regexp@1.0.5
60 silly currentTree │ ├── extend@3.0.0
60 silly currentTree │ ├── extsprintf@1.0.2
60 silly currentTree │ ├── forever-agent@0.6.1
60 silly currentTree │ ├── form-data@2.1.2
60 silly currentTree │ ├── fs.realpath@1.0.0
60 silly currentTree │ ├── fstream-ignore@1.0.5
60 silly currentTree │ ├── fstream@1.0.10
60 silly currentTree │ ├── gauge@2.7.3
60 silly currentTree │ ├── generate-function@2.0.0
60 silly currentTree │ ├── generate-object-property@1.2.0
60 silly currentTree │ ├─┬ getpass@0.1.6
60 silly currentTree │ │ └── assert-plus@1.0.0
60 silly currentTree │ ├── glob@7.1.1
60 silly currentTree │ ├── graceful-fs@4.1.11
60 silly currentTree │ ├── graceful-readlink@1.0.1
60 silly currentTree │ ├── har-validator@2.0.6
60 silly currentTree │ ├── has-ansi@2.0.0
60 silly currentTree │ ├── has-unicode@2.0.1
60 silly currentTree │ ├── hawk@3.1.3
60 silly currentTree │ ├── hoek@2.16.3
60 silly currentTree │ ├── http-signature@1.1.1
60 silly currentTree │ ├── inflight@1.0.6
60 silly currentTree │ ├── inherits@2.0.3
60 silly currentTree │ ├── ini@1.3.4
60 silly currentTree │ ├── is-fullwidth-code-point@1.0.0
60 silly currentTree │ ├── is-my-json-valid@2.15.0
60 silly currentTree │ ├── is-property@1.0.2
60 silly currentTree │ ├── is-typedarray@1.0.0
60 silly currentTree │ ├── isarray@1.0.0
60 silly currentTree │ ├── isstream@0.1.2
60 silly currentTree │ ├── jodid25519@1.0.2
60 silly currentTree │ ├── jsbn@0.1.1
60 silly currentTree │ ├── json-schema@0.2.3
60 silly currentTree │ ├── json-stringify-safe@5.0.1
60 silly currentTree │ ├── jsonpointer@4.0.1
60 silly currentTree │ ├── jsprim@1.3.1
60 silly currentTree │ ├── mime-db@1.26.0
60 silly currentTree │ ├── mime-types@2.1.14
60 silly currentTree │ ├── minimatch@3.0.3
60 silly currentTree │ ├── minimist@0.0.8
60 silly currentTree │ ├── mkdirp@0.5.1
60 silly currentTree │ ├── ms@0.7.1
60 silly currentTree │ ├── node-pre-gyp@0.6.33
60 silly currentTree │ ├── nopt@3.0.6
60 silly currentTree │ ├── npmlog@4.0.2
60 silly currentTree │ ├── number-is-nan@1.0.1
60 silly currentTree │ ├── oauth-sign@0.8.2
60 silly currentTree │ ├── object-assign@4.1.1
60 silly currentTree │ ├── once@1.4.0
60 silly currentTree │ ├── path-is-absolute@1.0.1
60 silly currentTree │ ├── pinkie-promise@2.0.1
60 silly currentTree │ ├── pinkie@2.0.4
60 silly currentTree │ ├── process-nextick-args@1.0.7
60 silly currentTree │ ├── punycode@1.4.1
60 silly currentTree │ ├── qs@6.3.1
60 silly currentTree │ ├─┬ rc@1.1.7
60 silly currentTree │ │ └── minimist@1.2.0
60 silly currentTree │ ├── readable-stream@2.2.2
60 silly currentTree │ ├── request@2.79.0
60 silly currentTree │ ├── rimraf@2.5.4
60 silly currentTree │ ├── semver@5.3.0
60 silly currentTree │ ├── set-blocking@2.0.0
60 silly currentTree │ ├── signal-exit@3.0.2
60 silly currentTree │ ├── sntp@1.0.9
60 silly currentTree │ ├─┬ sshpk@1.10.2
60 silly currentTree │ │ └── assert-plus@1.0.0
60 silly currentTree │ ├── string_decoder@0.10.31
60 silly currentTree │ ├── string-width@1.0.2
60 silly currentTree │ ├── stringstream@0.0.5
60 silly currentTree │ ├── strip-ansi@3.0.1
60 silly currentTree │ ├── strip-json-comments@2.0.1
60 silly currentTree │ ├── supports-color@2.0.0
60 silly currentTree │ ├─┬ tar-pack@3.3.0
60 silly currentTree │ │ ├── once@1.3.3
60 silly currentTree │ │ └── readable-stream@2.1.5
60 silly currentTree │ ├── tar@2.2.1
60 silly currentTree │ ├── tough-cookie@2.3.2
60 silly currentTree │ ├── tunnel-agent@0.4.3
60 silly currentTree │ ├── tweetnacl@0.14.5
60 silly currentTree │ ├── uid-number@0.0.6
60 silly currentTree │ ├── util-deprecate@1.0.2
60 silly currentTree │ ├── uuid@3.0.1
60 silly currentTree │ ├── verror@1.3.6
60 silly currentTree │ ├── wide-align@1.1.0
60 silly currentTree │ ├── wrappy@1.0.2
60 silly currentTree │ └── xtend@4.0.1
60 silly currentTree ├─┬ fstream@1.0.10
60 silly currentTree │ └── graceful-fs@4.1.11
60 silly currentTree ├─┬ gauge@2.7.3
60 silly currentTree │ └── object-assign@4.1.1
60 silly currentTree ├── gaze@0.5.2
60 silly currentTree ├── generate-function@2.0.0
60 silly currentTree ├── generate-object-property@1.2.0
60 silly currentTree ├── get-caller-file@1.0.2
60 silly currentTree ├── get-stdin@4.0.1
60 silly currentTree ├─┬ getpass@0.1.6
60 silly currentTree │ └── assert-plus@1.0.0
60 silly currentTree ├── glob-base@0.3.0
60 silly currentTree ├── glob-parent@2.0.0
60 silly currentTree ├─┬ glob-stream@3.1.18
60 silly currentTree │ ├── readable-stream@1.0.34
60 silly currentTree │ └── through2@0.6.5
60 silly currentTree ├── glob-watcher@0.0.6
60 silly currentTree ├── glob@4.5.3
60 silly currentTree ├── glob2base@0.0.12
60 silly currentTree ├── global-modules@0.2.3
60 silly currentTree ├── global-prefix@0.1.5
60 silly currentTree ├─┬ globule@0.1.0
60 silly currentTree │ ├── glob@3.1.21
60 silly currentTree │ ├── graceful-fs@1.2.3
60 silly currentTree │ ├── inherits@1.0.2
60 silly currentTree │ └── minimatch@0.2.14
60 silly currentTree ├── glogg@1.0.0
60 silly currentTree ├── graceful-fs@3.0.11
60 silly currentTree ├── graceful-readlink@1.0.1
60 silly currentTree ├─┬ gulp-concat@2.6.1
60 silly currentTree │ ├── clone-stats@1.0.0
60 silly currentTree │ ├── replace-ext@1.0.0
60 silly currentTree │ └── vinyl@2.0.1
60 silly currentTree ├─┬ gulp-minify-css@1.2.4
60 silly currentTree │ ├── isarray@1.0.0
60 silly currentTree │ ├── object-assign@4.1.1
60 silly currentTree │ └── readable-stream@2.2.3
60 silly currentTree ├── gulp-sass@3.1.0
60 silly currentTree ├─┬ gulp-uglify@2.0.1
60 silly currentTree │ └── lodash@4.17.4
60 silly currentTree ├── gulp-util@3.0.8
60 silly currentTree ├── gulp@3.9.1
60 silly currentTree ├── gulplog@1.0.0
60 silly currentTree ├── har-schema@1.0.5
60 silly currentTree ├── har-validator@4.2.1
60 silly currentTree ├── has-ansi@2.0.0
60 silly currentTree ├── has-binary@0.1.7
60 silly currentTree ├── has-cors@1.1.0
60 silly currentTree ├── has-gulplog@0.1.0
60 silly currentTree ├── has-unicode@2.0.1
60 silly currentTree ├── hawk@3.1.3
60 silly currentTree ├── hoek@2.16.3
60 silly currentTree ├── homedir-polyfill@1.0.1
60 silly currentTree ├── hosted-git-info@2.2.0
60 silly currentTree ├── http-errors@1.5.1
60 silly currentTree ├── http-proxy@1.15.2
60 silly currentTree ├── http-signature@1.1.1
60 silly currentTree ├── immutable@3.8.1
60 silly currentTree ├── in-publish@2.0.0
60 silly currentTree ├── indent-string@2.1.0
60 silly currentTree ├── indexof@0.0.1
60 silly currentTree ├── inflight@1.0.6
60 silly currentTree ├── inherits@2.0.3
60 silly currentTree ├── ini@1.3.4
60 silly currentTree ├── interpret@1.0.1
60 silly currentTree ├── invert-kv@1.0.0
60 silly currentTree ├── is-absolute@0.2.6
60 silly currentTree ├── is-arrayish@0.2.1
60 silly currentTree ├── is-binary-path@1.0.1
60 silly currentTree ├── is-buffer@1.1.4
60 silly currentTree ├── is-builtin-module@1.0.0
60 silly currentTree ├── is-dotfile@1.0.2
60 silly currentTree ├── is-equal-shallow@0.1.3
60 silly currentTree ├── is-extendable@0.1.1
60 silly currentTree ├── is-extglob@1.0.0
60 silly currentTree ├── is-finite@1.0.2
60 silly currentTree ├── is-fullwidth-code-point@1.0.0
60 silly currentTree ├── is-glob@2.0.1
60 silly currentTree ├── is-my-json-valid@2.16.0
60 silly currentTree ├── is-number-like@1.0.7
60 silly currentTree ├── is-number@2.1.0
60 silly currentTree ├── is-posix-bracket@0.1.1
60 silly currentTree ├── is-primitive@2.0.0
60 silly currentTree ├── is-property@1.0.2
60 silly currentTree ├── is-relative@0.2.1
60 silly currentTree ├── is-stream@1.1.0
60 silly currentTree ├── is-typedarray@1.0.0
60 silly currentTree ├── is-unc-path@0.1.2
60 silly currentTree ├── is-utf8@0.2.1
60 silly currentTree ├── is-windows@0.2.0
60 silly currentTree ├── isarray@0.0.1
60 silly currentTree ├── isexe@1.1.2
60 silly currentTree ├─┬ isobject@2.1.0
60 silly currentTree │ └── isarray@1.0.0
60 silly currentTree ├── isstream@0.1.2
60 silly currentTree ├── jodid25519@1.0.2
60 silly currentTree ├── jsbn@0.1.1
60 silly currentTree ├── json-schema@0.2.3
60 silly currentTree ├── json-stable-stringify@1.0.1
60 silly currentTree ├── json-stringify-safe@5.0.1
60 silly currentTree ├── json3@3.3.2
60 silly currentTree ├─┬ jsonfile@2.4.0
60 silly currentTree │ └── graceful-fs@4.1.11
60 silly currentTree ├── jsonify@0.0.0
60 silly currentTree ├── jsonpointer@4.0.1
60 silly currentTree ├── jsprim@1.3.1
60 silly currentTree ├── kind-of@3.1.0
60 silly currentTree ├─┬ klaw@1.3.1
60 silly currentTree │ └── graceful-fs@4.1.11
60 silly currentTree ├── lazy-cache@1.0.4
60 silly currentTree ├── lcid@1.0.0
60 silly currentTree ├── liftoff@2.3.0
60 silly currentTree ├── limiter@1.1.0
60 silly currentTree ├─┬ load-json-file@1.1.0
60 silly currentTree │ ├── graceful-fs@4.1.11
60 silly currentTree │ └── strip-bom@2.0.0
60 silly currentTree ├─┬ localtunnel@1.8.2
60 silly currentTree │ ├── caseless@0.11.0
60 silly currentTree │ ├── cliui@3.2.0
60 silly currentTree │ ├── commander@2.9.0
60 silly currentTree │ ├── har-validator@2.0.6
60 silly currentTree │ ├── node-uuid@1.4.7
60 silly currentTree │ ├── request@2.78.0
60 silly currentTree │ ├── window-size@0.1.4
60 silly currentTree │ └── yargs@3.29.0
60 silly currentTree ├── lodash._basecopy@3.0.1
60 silly currentTree ├── lodash._basetostring@3.0.1
60 silly currentTree ├── lodash._basevalues@3.0.0
60 silly currentTree ├── lodash._getnative@3.9.1
60 silly currentTree ├── lodash._isiterateecall@3.0.9
60 silly currentTree ├── lodash._reescape@3.0.0
60 silly currentTree ├── lodash._reevaluate@3.0.0
60 silly currentTree ├── lodash._reinterpolate@3.0.0
60 silly currentTree ├── lodash._root@3.0.1
60 silly currentTree ├── lodash.assign@4.2.0
60 silly currentTree ├── lodash.assignwith@4.2.0
60 silly currentTree ├── lodash.clonedeep@4.5.0
60 silly currentTree ├── lodash.escape@3.2.0
60 silly currentTree ├── lodash.isarguments@3.1.0
60 silly currentTree ├── lodash.isarray@3.0.4
60 silly currentTree ├── lodash.isempty@4.4.0
60 silly currentTree ├── lodash.isfinite@3.3.2
60 silly currentTree ├── lodash.isplainobject@4.0.6
60 silly currentTree ├── lodash.isstring@4.0.1
60 silly currentTree ├── lodash.keys@3.1.2
60 silly currentTree ├── lodash.mapvalues@4.6.0
60 silly currentTree ├── lodash.mergewith@4.6.0
60 silly currentTree ├── lodash.pick@4.4.0
60 silly currentTree ├── lodash.restparam@3.6.1
60 silly currentTree ├── lodash.template@3.6.2
60 silly currentTree ├── lodash.templatesettings@3.1.1
60 silly currentTree ├── lodash@1.0.2
60 silly currentTree ├── longest@1.0.1
60 silly currentTree ├── loud-rejection@1.6.0
60 silly currentTree ├── lru-cache@2.7.3
60 silly currentTree ├── magic-string@0.14.0
60 silly currentTree ├── make-error-cause@1.2.2
60 silly currentTree ├── make-error@1.2.2
60 silly currentTree ├── map-cache@0.2.2
60 silly currentTree ├── map-obj@1.0.1
60 silly currentTree ├─┬ meow@3.7.0
60 silly currentTree │ └── object-assign@4.1.1
60 silly currentTree ├── micromatch@2.3.11
60 silly currentTree ├── mime-db@1.26.0
60 silly currentTree ├── mime-types@2.1.14
60 silly currentTree ├── mime@1.2.4
60 silly currentTree ├── minimatch@2.0.10
60 silly currentTree ├── minimist@1.2.0
60 silly currentTree ├─┬ mkdirp@0.5.1
60 silly currentTree │ └── minimist@0.0.8
60 silly currentTree ├── ms@0.7.1
60 silly currentTree ├── multipipe@0.1.2
60 silly currentTree ├── nan@2.5.1
60 silly currentTree ├── natives@1.1.0
60 silly currentTree ├── negotiator@0.6.1
60 silly currentTree ├─┬ node-gyp@3.5.0
60 silly currentTree │ ├── glob@7.1.1
60 silly currentTree │ ├── graceful-fs@4.1.11
60 silly currentTree │ └── minimatch@3.0.3
60 silly currentTree ├─┬ node-sass@4.5.0
60 silly currentTree │ ├── gaze@1.1.2
60 silly currentTree │ ├── glob@7.1.1
60 silly currentTree │ ├── globule@1.1.0
60 silly currentTree │ ├── lodash@4.16.6
60 silly currentTree │ └── minimatch@3.0.3
60 silly currentTree ├── nopt@3.0.6
60 silly currentTree ├── normalize-package-data@2.3.5
60 silly currentTree ├── normalize-path@2.0.1
60 silly currentTree ├── npmlog@4.0.2
60 silly currentTree ├── number-is-nan@1.0.1
60 silly currentTree ├── oauth-sign@0.8.2
60 silly currentTree ├── object-assign@3.0.0
60 silly currentTree ├── object-component@0.0.3
60 silly currentTree ├── object-path@0.9.2
60 silly currentTree ├── object.omit@2.0.1
60 silly currentTree ├── on-finished@2.3.0
60 silly currentTree ├── once@1.3.3
60 silly currentTree ├── openurl@1.1.0
60 silly currentTree ├─┬ opn@4.0.2
60 silly currentTree │ └── object-assign@4.1.1
60 silly currentTree ├── options@0.0.6
60 silly currentTree ├── orchestrator@0.3.8
60 silly currentTree ├── ordered-read-streams@0.1.0
60 silly currentTree ├── os-homedir@1.0.2
60 silly currentTree ├── os-locale@1.4.0
60 silly currentTree ├── os-tmpdir@1.0.2
60 silly currentTree ├── osenv@0.1.4
60 silly currentTree ├── parse-filepath@1.0.1
60 silly currentTree ├── parse-glob@3.0.4
60 silly currentTree ├── parse-json@2.2.0
60 silly currentTree ├── parse-passwd@1.0.0
60 silly currentTree ├── parsejson@0.0.3
60 silly currentTree ├── parseqs@0.0.5
60 silly currentTree ├── parseuri@0.0.5
60 silly currentTree ├── parseurl@1.3.1
60 silly currentTree ├── path-exists@2.1.0
60 silly currentTree ├── path-is-absolute@1.0.1
60 silly currentTree ├── path-parse@1.0.5
60 silly currentTree ├── path-root-regex@0.1.2
60 silly currentTree ├── path-root@0.1.1
60 silly currentTree ├─┬ path-type@1.1.0
60 silly currentTree │ └── graceful-fs@4.1.11
60 silly currentTree ├── performance-now@0.2.0
60 silly currentTree ├── pify@2.3.0
60 silly currentTree ├── pinkie-promise@2.0.1
60 silly currentTree ├── pinkie@2.0.4
60 silly currentTree ├─┬ portscanner@2.1.1
60 silly currentTree │ └── async@1.5.2
60 silly currentTree ├── preserve@0.2.0
60 silly currentTree ├── pretty-hrtime@1.0.3
60 silly currentTree ├── process-nextick-args@1.0.7
60 silly currentTree ├── pseudomap@1.0.2
60 silly currentTree ├── punycode@1.4.1
60 silly currentTree ├── qs@6.3.2
60 silly currentTree ├── randomatic@1.1.6
60 silly currentTree ├── range-parser@1.2.0
60 silly currentTree ├── read-pkg-up@1.0.1
60 silly currentTree ├── read-pkg@1.1.0
60 silly currentTree ├── readable-stream@1.1.14
60 silly currentTree ├─┬ readdirp@2.1.0
60 silly currentTree │ ├── graceful-fs@4.1.11
60 silly currentTree │ ├── isarray@1.0.0
60 silly currentTree │ ├── minimatch@3.0.3
60 silly currentTree │ └── readable-stream@2.2.3
60 silly currentTree ├── rechoir@0.6.2
60 silly currentTree ├── redent@1.0.0
60 silly currentTree ├── regex-cache@0.4.3
60 silly currentTree ├── remove-trailing-separator@1.0.1
60 silly currentTree ├── repeat-element@1.1.2
60 silly currentTree ├── repeat-string@1.6.1
60 silly currentTree ├── repeating@2.0.1
60 silly currentTree ├── replace-ext@0.0.1
60 silly currentTree ├── request@2.80.0
60 silly currentTree ├── require-directory@2.1.1
60 silly currentTree ├── require-main-filename@1.0.1
60 silly currentTree ├── requires-port@1.0.0
60 silly currentTree ├── resolve-dir@0.1.1
60 silly currentTree ├── resolve@1.3.2
60 silly currentTree ├─┬ resp-modifier@6.0.2
60 silly currentTree │ └── minimatch@3.0.3
60 silly currentTree ├── right-align@0.1.3
60 silly currentTree ├─┬ rimraf@2.6.1
60 silly currentTree │ ├── glob@7.1.1
60 silly currentTree │ └── minimatch@3.0.3
60 silly currentTree ├── rx@4.1.0
60 silly currentTree ├─┬ sass-graph@2.1.2
60 silly currentTree │ ├── cliui@3.2.0
60 silly currentTree │ ├── glob@7.1.1
60 silly currentTree │ ├── lodash@4.17.4
60 silly currentTree │ ├── minimatch@3.0.3
60 silly currentTree │ ├── window-size@0.2.0
60 silly currentTree │ └── yargs@4.8.1
60 silly currentTree ├── semver@4.3.6
60 silly currentTree ├─┬ send@0.14.1
60 silly currentTree │ ├── etag@1.7.0
60 silly currentTree │ └── mime@1.3.4
60 silly currentTree ├── sequencify@0.0.7
60 silly currentTree ├── serve-index@1.8.0
60 silly currentTree ├── serve-static@1.11.1
60 silly currentTree ├── server-destroy@1.0.1
60 silly currentTree ├── set-blocking@2.0.0
60 silly currentTree ├── set-immediate-shim@1.0.1
60 silly currentTree ├── setprototypeof@1.0.2
60 silly currentTree ├── sigmund@1.0.1
60 silly currentTree ├── signal-exit@3.0.2
60 silly currentTree ├── sntp@1.0.9
60 silly currentTree ├─┬ socket.io-adapter@0.5.0
60 silly currentTree │ ├── debug@2.3.3
60 silly currentTree │ └── ms@0.7.2
60 silly currentTree ├─┬ socket.io-client@1.6.0
60 silly currentTree │ ├── component-emitter@1.2.1
60 silly currentTree │ ├── debug@2.3.3
60 silly currentTree │ └── ms@0.7.2
60 silly currentTree ├── socket.io-parser@2.3.1
60 silly currentTree ├─┬ socket.io@1.6.0
60 silly currentTree │ ├── debug@2.3.3
60 silly currentTree │ ├── ms@0.7.2
60 silly currentTree │ └── object-assign@4.1.0
60 silly currentTree ├── source-map@0.5.6
60 silly currentTree ├── sparkles@1.0.0
60 silly currentTree ├── spdx-correct@1.0.2
60 silly currentTree ├── spdx-expression-parse@1.0.4
60 silly currentTree ├── spdx-license-ids@1.2.2
60 silly currentTree ├─┬ sshpk@1.11.0
60 silly currentTree │ └── assert-plus@1.0.0
60 silly currentTree ├── statuses@1.3.1
60 silly currentTree ├─┬ stdout-stream@1.4.0
60 silly currentTree │ ├── isarray@1.0.0
60 silly currentTree │ └── readable-stream@2.2.3
60 silly currentTree ├── stream-consume@0.1.0
60 silly currentTree ├── stream-throttle@0.1.3
60 silly currentTree ├── string_decoder@0.10.31
60 silly currentTree ├── string-width@1.0.2
60 silly currentTree ├── stringstream@0.0.5
60 silly currentTree ├── strip-ansi@3.0.1
60 silly currentTree ├── strip-bom@1.0.0
60 silly currentTree ├── strip-indent@1.0.1
60 silly currentTree ├── supports-color@2.0.0
60 silly currentTree ├── tar@2.2.1
60 silly currentTree ├── tfunk@3.1.0
60 silly currentTree ├─┬ through2@2.0.3
60 silly currentTree │ ├── isarray@1.0.0
60 silly currentTree │ └── readable-stream@2.2.3
60 silly currentTree ├── tildify@1.2.0
60 silly currentTree ├── time-stamp@1.0.1
60 silly currentTree ├── to-array@0.1.4
60 silly currentTree ├── tough-cookie@2.3.2
60 silly currentTree ├── trim-newlines@1.0.0
60 silly currentTree ├── tunnel-agent@0.4.3
60 silly currentTree ├── tweetnacl@0.14.5
60 silly currentTree ├── ua-parser-js@0.7.12
60 silly currentTree ├── uglify-js@2.7.5
60 silly currentTree ├── uglify-save-license@0.4.1
60 silly currentTree ├── uglify-to-browserify@1.0.2
60 silly currentTree ├── ultron@1.0.2
60 silly currentTree ├── unc-path-regex@0.1.2
60 silly currentTree ├── underscore@1.7.0
60 silly currentTree ├── unique-stream@1.0.0
60 silly currentTree ├── unpipe@1.0.0
60 silly currentTree ├── user-home@1.1.1
60 silly currentTree ├── util-deprecate@1.0.2
60 silly currentTree ├── utils-merge@1.0.0
60 silly currentTree ├── uuid@3.0.1
60 silly currentTree ├── v8flags@2.0.11
60 silly currentTree ├── validate-npm-package-license@3.0.1
60 silly currentTree ├── verror@1.3.6
60 silly currentTree ├── vinyl-bufferstream@1.0.1
60 silly currentTree ├─┬ vinyl-fs@0.3.14
60 silly currentTree │ ├── clone@0.2.0
60 silly currentTree │ ├── readable-stream@1.0.34
60 silly currentTree │ ├── through2@0.6.5
60 silly currentTree │ └── vinyl@0.4.6
60 silly currentTree ├── vinyl-sourcemaps-apply@0.2.1
60 silly currentTree ├── vinyl@0.5.3
60 silly currentTree ├── vlq@0.2.1
60 silly currentTree ├── weinre@2.0.0-pre-I0Z7U9OV
60 silly currentTree ├── which-module@1.0.0
60 silly currentTree ├── which@1.2.12
60 silly currentTree ├── wide-align@1.1.0
60 silly currentTree ├── window-size@0.1.0
60 silly currentTree ├── wordwrap@0.0.2
60 silly currentTree ├── wrap-ansi@2.1.0
60 silly currentTree ├── wrappy@1.0.2
60 silly currentTree ├── ws@1.1.1
60 silly currentTree ├── wtf-8@1.0.0
60 silly currentTree ├── xmlhttprequest-ssl@1.5.3
60 silly currentTree ├── xtend@4.0.1
60 silly currentTree ├── y18n@3.2.1
60 silly currentTree ├── yallist@2.0.0
60 silly currentTree ├─┬ yargs-parser@2.4.1
60 silly currentTree │ └── camelcase@3.0.0
60 silly currentTree ├── yargs@3.10.0
60 silly currentTree └── yeast@0.1.2
61 silly idealTree tonytest1@1.0.0
61 silly idealTree ├── abbrev@1.1.0
61 silly idealTree ├── accepts@1.3.3
61 silly idealTree ├── acorn-jsx@3.0.1
61 silly idealTree ├── acorn-object-spread@1.0.0
61 silly idealTree ├── acorn@3.3.0
61 silly idealTree ├── after@0.8.1
61 silly idealTree ├── ajv@4.11.4
61 silly idealTree ├── align-text@0.1.4
61 silly idealTree ├── amdefine@1.0.1
61 silly idealTree ├── ansi-regex@2.1.1
61 silly idealTree ├── ansi-styles@2.2.1
61 silly idealTree ├── anymatch@1.3.0
61 silly idealTree ├── aproba@1.1.1
61 silly idealTree ├── archy@1.0.0
61 silly idealTree ├── are-we-there-yet@1.1.2
61 silly idealTree ├── arr-diff@2.0.0
61 silly idealTree ├── arr-flatten@1.0.1
61 silly idealTree ├── array-differ@1.0.0
61 silly idealTree ├── array-find-index@1.0.2
61 silly idealTree ├── array-uniq@1.0.3
61 silly idealTree ├── array-unique@0.2.1
61 silly idealTree ├── arraybuffer.slice@0.0.6
61 silly idealTree ├── arrify@1.0.1
61 silly idealTree ├── asn1@0.2.3
61 silly idealTree ├── assert-plus@0.2.0
61 silly idealTree ├── async-each-series@0.1.1
61 silly idealTree ├── async-each@1.0.1
61 silly idealTree ├── async-foreach@0.1.3
61 silly idealTree ├── async@0.2.10
61 silly idealTree ├── asynckit@0.4.0
61 silly idealTree ├── aws-sign2@0.6.0
61 silly idealTree ├── aws4@1.6.0
61 silly idealTree ├── backo2@1.0.2
61 silly idealTree ├── balanced-match@0.4.2
61 silly idealTree ├── base64-arraybuffer@0.1.5
61 silly idealTree ├── base64id@0.1.0
61 silly idealTree ├── batch@0.5.3
61 silly idealTree ├── bcrypt-pbkdf@1.0.1
61 silly idealTree ├── beeper@1.1.1
61 silly idealTree ├── better-assert@1.0.2
61 silly idealTree ├── binary-extensions@1.8.0
61 silly idealTree ├── blob@0.0.4
61 silly idealTree ├── block-stream@0.0.9
61 silly idealTree ├── boom@2.10.1
61 silly idealTree ├── bower@1.8.0
61 silly idealTree ├── brace-expansion@1.1.6
61 silly idealTree ├── braces@1.8.5
61 silly idealTree ├── browser-sync-client@2.4.5
61 silly idealTree ├── browser-sync-ui@0.6.3
61 silly idealTree ├─┬ browser-sync@2.18.8
61 silly idealTree │ ├── camelcase@3.0.0
61 silly idealTree │ ├── cliui@3.2.0
61 silly idealTree │ ├── qs@6.2.1
61 silly idealTree │ ├── window-size@0.2.0
61 silly idealTree │ ├── yargs-parser@4.2.1
61 silly idealTree │ └── yargs@6.4.0
61 silly idealTree ├── bs-recipes@1.3.4
61 silly idealTree ├── buble@0.12.5
61 silly idealTree ├─┬ bubleify@0.5.1
61 silly idealTree │ └── object-assign@4.1.1
61 silly idealTree ├── buffer-shims@1.0.0
61 silly idealTree ├── bufferstreams@1.0.1
61 silly idealTree ├── builtin-modules@1.1.1
61 silly idealTree ├── callsite@1.0.0
61 silly idealTree ├─┬ camelcase-keys@2.1.0
61 silly idealTree │ └── camelcase@2.1.1
61 silly idealTree ├── camelcase@1.2.1
61 silly idealTree ├── caseless@0.12.0
61 silly idealTree ├── center-align@0.1.3
61 silly idealTree ├── chalk@1.1.3
61 silly idealTree ├── chokidar@1.6.1
61 silly idealTree ├─┬ clean-css@3.4.25
61 silly idealTree │ └── source-map@0.4.4
61 silly idealTree ├── cliui@2.1.0
61 silly idealTree ├── clone-buffer@1.0.0
61 silly idealTree ├── clone-stats@0.0.1
61 silly idealTree ├── clone@1.0.2
61 silly idealTree ├── cloneable-readable@1.0.0
61 silly idealTree ├── co@4.6.0
61 silly idealTree ├── code-point-at@1.1.0
61 silly idealTree ├── combined-stream@1.0.5
61 silly idealTree ├── commander@2.8.1
61 silly idealTree ├── component-bind@1.0.0
61 silly idealTree ├── component-emitter@1.1.2
61 silly idealTree ├── component-inherit@0.0.3
61 silly idealTree ├── concat-map@0.0.1
61 silly idealTree ├── concat-with-sourcemaps@1.0.4
61 silly idealTree ├── connect-history-api-fallback@1.3.0
61 silly idealTree ├── connect@3.5.0
61 silly idealTree ├── console-control-strings@1.1.0
61 silly idealTree ├── cookie@0.3.1
61 silly idealTree ├── core-util-is@1.0.2
61 silly idealTree ├─┬ cross-spawn@3.0.1
61 silly idealTree │ └── lru-cache@4.0.2
61 silly idealTree ├── cryptiles@2.0.5
61 silly idealTree ├── currently-unhandled@0.4.1
61 silly idealTree ├─┬ dashdash@1.14.1
61 silly idealTree │ └── assert-plus@1.0.0
61 silly idealTree ├── dateformat@2.0.0
61 silly idealTree ├── debug@2.2.0
61 silly idealTree ├── decamelize@1.2.0
61 silly idealTree ├── defaults@1.0.3
61 silly idealTree ├── delayed-stream@1.0.0
61 silly idealTree ├── delegates@1.0.0
61 silly idealTree ├── depd@1.1.0
61 silly idealTree ├── deprecated@0.0.1
61 silly idealTree ├── destroy@1.0.4
61 silly idealTree ├── detect-file@0.1.0
61 silly idealTree ├── dev-ip@1.0.1
61 silly idealTree ├── duplexer2@0.0.2
61 silly idealTree ├─┬ easy-extender@2.3.2
61 silly idealTree │ └── lodash@3.10.1
61 silly idealTree ├── eazy-logger@3.0.2
61 silly idealTree ├── ecc-jsbn@0.1.1
61 silly idealTree ├── ee-first@1.1.1
61 silly idealTree ├── emitter-steward@1.0.0
61 silly idealTree ├── encodeurl@1.0.1
61 silly idealTree ├── end-of-stream@0.1.5
61 silly idealTree ├─┬ engine.io-client@1.8.0
61 silly idealTree │ ├── component-emitter@1.2.1
61 silly idealTree │ ├── debug@2.3.3
61 silly idealTree │ └── ms@0.7.2
61 silly idealTree ├─┬ engine.io-parser@1.3.1
61 silly idealTree │ └── has-binary@0.1.6
61 silly idealTree ├─┬ engine.io@1.8.0
61 silly idealTree │ ├── debug@2.3.3
61 silly idealTree │ └── ms@0.7.2
61 silly idealTree ├── error-ex@1.3.1
61 silly idealTree ├── escape-html@1.0.3
61 silly idealTree ├── escape-string-regexp@1.0.5
61 silly idealTree ├── etag@1.8.0
61 silly idealTree ├── eventemitter3@1.2.0
61 silly idealTree ├── expand-brackets@0.1.5
61 silly idealTree ├── expand-range@1.8.2
61 silly idealTree ├── expand-tilde@1.2.2
61 silly idealTree ├─┬ express@2.5.11
61 silly idealTree │ ├── connect@1.9.2
61 silly idealTree │ ├── mkdirp@0.3.0
61 silly idealTree │ └── qs@0.4.2
61 silly idealTree ├── extend@3.0.0
61 silly idealTree ├── extglob@0.3.2
61 silly idealTree ├── extsprintf@1.0.2
61 silly idealTree ├── fancy-log@1.3.0
61 silly idealTree ├── filename-regex@2.0.0
61 silly idealTree ├── fill-range@2.2.3
61 silly idealTree ├── finalhandler@0.5.0
61 silly idealTree ├── find-index@0.1.1
61 silly idealTree ├── find-up@1.1.2
61 silly idealTree ├── findup-sync@0.4.3
61 silly idealTree ├── fined@1.0.2
61 silly idealTree ├── first-chunk-stream@1.0.0
61 silly idealTree ├── flagged-respawn@0.3.2
61 silly idealTree ├── for-in@1.0.2
61 silly idealTree ├── for-own@0.1.5
61 silly idealTree ├── forever-agent@0.6.1
61 silly idealTree ├── form-data@2.1.2
61 silly idealTree ├── formidable@1.0.17
61 silly idealTree ├── fresh@0.3.0
61 silly idealTree ├── fs-exists-sync@0.1.0
61 silly idealTree ├─┬ fs-extra@1.0.0
61 silly idealTree │ └── graceful-fs@4.1.11
61 silly idealTree ├── fs.realpath@1.0.0
61 silly idealTree ├─┬ fsevents@1.1.1
61 silly idealTree │ ├── abbrev@1.1.0
61 silly idealTree │ ├── ansi-regex@2.1.1
61 silly idealTree │ ├── ansi-styles@2.2.1
61 silly idealTree │ ├── aproba@1.1.1
61 silly idealTree │ ├── are-we-there-yet@1.1.2
61 silly idealTree │ ├── asn1@0.2.3
61 silly idealTree │ ├── assert-plus@0.2.0
61 silly idealTree │ ├── asynckit@0.4.0
61 silly idealTree │ ├── aws-sign2@0.6.0
61 silly idealTree │ ├── aws4@1.6.0
61 silly idealTree │ ├── balanced-match@0.4.2
61 silly idealTree │ ├── bcrypt-pbkdf@1.0.1
61 silly idealTree │ ├── block-stream@0.0.9
61 silly idealTree │ ├── boom@2.10.1
61 silly idealTree │ ├── brace-expansion@1.1.6
61 silly idealTree │ ├── buffer-shims@1.0.0
61 silly idealTree │ ├── caseless@0.11.0
61 silly idealTree │ ├── chalk@1.1.3
61 silly idealTree │ ├── code-point-at@1.1.0
61 silly idealTree │ ├── combined-stream@1.0.5
61 silly idealTree │ ├── commander@2.9.0
61 silly idealTree │ ├── concat-map@0.0.1
61 silly idealTree │ ├── console-control-strings@1.1.0
61 silly idealTree │ ├── core-util-is@1.0.2
61 silly idealTree │ ├── cryptiles@2.0.5
61 silly idealTree │ ├─┬ dashdash@1.14.1
61 silly idealTree │ │ └── assert-plus@1.0.0
61 silly idealTree │ ├── debug@2.2.0
61 silly idealTree │ ├── deep-extend@0.4.1
61 silly idealTree │ ├── delayed-stream@1.0.0
61 silly idealTree │ ├── delegates@1.0.0
61 silly idealTree │ ├── ecc-jsbn@0.1.1
61 silly idealTree │ ├── escape-string-regexp@1.0.5
61 silly idealTree │ ├── extend@3.0.0
61 silly idealTree │ ├── extsprintf@1.0.2
61 silly idealTree │ ├── forever-agent@0.6.1
61 silly idealTree │ ├── form-data@2.1.2
61 silly idealTree │ ├── fs.realpath@1.0.0
61 silly idealTree │ ├── fstream-ignore@1.0.5
61 silly idealTree │ ├── fstream@1.0.10
61 silly idealTree │ ├── gauge@2.7.3
61 silly idealTree │ ├── generate-function@2.0.0
61 silly idealTree │ ├── generate-object-property@1.2.0
61 silly idealTree │ ├─┬ getpass@0.1.6
61 silly idealTree │ │ └── assert-plus@1.0.0
61 silly idealTree │ ├── glob@7.1.1
61 silly idealTree │ ├── graceful-fs@4.1.11
61 silly idealTree │ ├── graceful-readlink@1.0.1
61 silly idealTree │ ├── har-validator@2.0.6
61 silly idealTree │ ├── has-ansi@2.0.0
61 silly idealTree │ ├── has-unicode@2.0.1
61 silly idealTree │ ├── hawk@3.1.3
61 silly idealTree │ ├── hoek@2.16.3
61 silly idealTree │ ├── http-signature@1.1.1
61 silly idealTree │ ├── inflight@1.0.6
61 silly idealTree │ ├── inherits@2.0.3
61 silly idealTree │ ├── ini@1.3.4
61 silly idealTree │ ├── is-fullwidth-code-point@1.0.0
61 silly idealTree │ ├── is-my-json-valid@2.15.0
61 silly idealTree │ ├── is-property@1.0.2
61 silly idealTree │ ├── is-typedarray@1.0.0
61 silly idealTree │ ├── isarray@1.0.0
61 silly idealTree │ ├── isstream@0.1.2
61 silly idealTree │ ├── jodid25519@1.0.2
61 silly idealTree │ ├── jsbn@0.1.1
61 silly idealTree │ ├── json-schema@0.2.3
61 silly idealTree │ ├── json-stringify-safe@5.0.1
61 silly idealTree │ ├── jsonpointer@4.0.1
61 silly idealTree │ ├── jsprim@1.3.1
61 silly idealTree │ ├── mime-db@1.26.0
61 silly idealTree │ ├── mime-types@2.1.14
61 silly idealTree │ ├── minimatch@3.0.3
61 silly idealTree │ ├── minimist@0.0.8
61 silly idealTree │ ├── mkdirp@0.5.1
61 silly idealTree │ ├── ms@0.7.1
61 silly idealTree │ ├── node-pre-gyp@0.6.33
61 silly idealTree │ ├── nopt@3.0.6
61 silly idealTree │ ├── npmlog@4.0.2
61 silly idealTree │ ├── number-is-nan@1.0.1
61 silly idealTree │ ├── oauth-sign@0.8.2
61 silly idealTree │ ├── object-assign@4.1.1
61 silly idealTree │ ├── once@1.4.0
61 silly idealTree │ ├── path-is-absolute@1.0.1
61 silly idealTree │ ├── pinkie-promise@2.0.1
61 silly idealTree │ ├── pinkie@2.0.4
61 silly idealTree │ ├── process-nextick-args@1.0.7
61 silly idealTree │ ├── punycode@1.4.1
61 silly idealTree │ ├── qs@6.3.1
61 silly idealTree │ ├─┬ rc@1.1.7
61 silly idealTree │ │ └── minimist@1.2.0
61 silly idealTree │ ├── readable-stream@2.2.2
61 silly idealTree │ ├── request@2.79.0
61 silly idealTree │ ├── rimraf@2.5.4
61 silly idealTree │ ├── semver@5.3.0
61 silly idealTree │ ├── set-blocking@2.0.0
61 silly idealTree │ ├── signal-exit@3.0.2
61 silly idealTree │ ├── sntp@1.0.9
61 silly idealTree │ ├─┬ sshpk@1.10.2
61 silly idealTree │ │ └── assert-plus@1.0.0
61 silly idealTree │ ├── string_decoder@0.10.31
61 silly idealTree │ ├── string-width@1.0.2
61 silly idealTree │ ├── stringstream@0.0.5
61 silly idealTree │ ├── strip-ansi@3.0.1
61 silly idealTree │ ├── strip-json-comments@2.0.1
61 silly idealTree │ ├── supports-color@2.0.0
61 silly idealTree │ ├─┬ tar-pack@3.3.0
61 silly idealTree │ │ ├── once@1.3.3
61 silly idealTree │ │ └── readable-stream@2.1.5
61 silly idealTree │ ├── tar@2.2.1
61 silly idealTree │ ├── tough-cookie@2.3.2
61 silly idealTree │ ├── tunnel-agent@0.4.3
61 silly idealTree │ ├── tweetnacl@0.14.5
61 silly idealTree │ ├── uid-number@0.0.6
61 silly idealTree │ ├── util-deprecate@1.0.2
61 silly idealTree │ ├── uuid@3.0.1
61 silly idealTree │ ├── verror@1.3.6
61 silly idealTree │ ├── wide-align@1.1.0
61 silly idealTree │ ├── wrappy@1.0.2
61 silly idealTree │ └── xtend@4.0.1
61 silly idealTree ├─┬ fstream@1.0.10
61 silly idealTree │ └── graceful-fs@4.1.11
61 silly idealTree ├─┬ gauge@2.7.3
61 silly idealTree │ └── object-assign@4.1.1
61 silly idealTree ├── gaze@0.5.2
61 silly idealTree ├── generate-function@2.0.0
61 silly idealTree ├── generate-object-property@1.2.0
61 silly idealTree ├── get-caller-file@1.0.2
61 silly idealTree ├── get-stdin@4.0.1
61 silly idealTree ├─┬ getpass@0.1.6
61 silly idealTree │ └── assert-plus@1.0.0
61 silly idealTree ├── glob-base@0.3.0
61 silly idealTree ├── glob-parent@2.0.0
61 silly idealTree ├─┬ glob-stream@3.1.18
61 silly idealTree │ ├── readable-stream@1.0.34
61 silly idealTree │ └── through2@0.6.5
61 silly idealTree ├── glob-watcher@0.0.6
61 silly idealTree ├── glob@4.5.3
61 silly idealTree ├── glob2base@0.0.12
61 silly idealTree ├── global-modules@0.2.3
61 silly idealTree ├── global-prefix@0.1.5
61 silly idealTree ├─┬ globule@0.1.0
61 silly idealTree │ ├── glob@3.1.21
61 silly idealTree │ ├── graceful-fs@1.2.3
61 silly idealTree │ ├── inherits@1.0.2
61 silly idealTree │ └── minimatch@0.2.14
61 silly idealTree ├── glogg@1.0.0
61 silly idealTree ├── graceful-fs@3.0.11
61 silly idealTree ├── graceful-readlink@1.0.1
61 silly idealTree ├─┬ gulp-concat@2.6.1
61 silly idealTree │ ├── clone-stats@1.0.0
61 silly idealTree │ ├── replace-ext@1.0.0
61 silly idealTree │ └── vinyl@2.0.1
61 silly idealTree ├─┬ gulp-minify-css@1.2.4
61 silly idealTree │ ├── isarray@1.0.0
61 silly idealTree │ ├── object-assign@4.1.1
61 silly idealTree │ └── readable-stream@2.2.3
61 silly idealTree ├── gulp-sass@3.1.0
61 silly idealTree ├─┬ gulp-uglify@2.0.1
61 silly idealTree │ └── lodash@4.17.4
61 silly idealTree ├── gulp-util@3.0.8
61 silly idealTree ├── gulp@3.9.1
61 silly idealTree ├── gulplog@1.0.0
61 silly idealTree ├── har-schema@1.0.5
61 silly idealTree ├── har-validator@4.2.1
61 silly idealTree ├── has-ansi@2.0.0
61 silly idealTree ├── has-binary@0.1.7
61 silly idealTree ├── has-cors@1.1.0
61 silly idealTree ├── has-gulplog@0.1.0
61 silly idealTree ├── has-unicode@2.0.1
61 silly idealTree ├── hawk@3.1.3
61 silly idealTree ├── hoek@2.16.3
61 silly idealTree ├── homedir-polyfill@1.0.1
61 silly idealTree ├── hosted-git-info@2.2.0
61 silly idealTree ├── http-errors@1.5.1
61 silly idealTree ├── http-proxy@1.15.2
61 silly idealTree ├── http-signature@1.1.1
61 silly idealTree ├── immutable@3.8.1
61 silly idealTree ├── in-publish@2.0.0
61 silly idealTree ├── indent-string@2.1.0
61 silly idealTree ├── indexof@0.0.1
61 silly idealTree ├── inflight@1.0.6
61 silly idealTree ├── inherits@2.0.3
61 silly idealTree ├── ini@1.3.4
61 silly idealTree ├── interpret@1.0.1
61 silly idealTree ├── invert-kv@1.0.0
61 silly idealTree ├── is-absolute@0.2.6
61 silly idealTree ├── is-arrayish@0.2.1
61 silly idealTree ├── is-binary-path@1.0.1
61 silly idealTree ├── is-buffer@1.1.4
61 silly idealTree ├── is-builtin-module@1.0.0
61 silly idealTree ├── is-dotfile@1.0.2
61 silly idealTree ├── is-equal-shallow@0.1.3
61 silly idealTree ├── is-extendable@0.1.1
61 silly idealTree ├── is-extglob@1.0.0
61 silly idealTree ├── is-finite@1.0.2
61 silly idealTree ├── is-fullwidth-code-point@1.0.0
61 silly idealTree ├── is-glob@2.0.1
61 silly idealTree ├── is-my-json-valid@2.16.0
61 silly idealTree ├── is-number-like@1.0.7
61 silly idealTree ├── is-number@2.1.0
61 silly idealTree ├── is-posix-bracket@0.1.1
61 silly idealTree ├── is-primitive@2.0.0
61 silly idealTree ├── is-property@1.0.2
61 silly idealTree ├── is-relative@0.2.1
61 silly idealTree ├── is-stream@1.1.0
61 silly idealTree ├── is-typedarray@1.0.0
61 silly idealTree ├── is-unc-path@0.1.2
61 silly idealTree ├── is-utf8@0.2.1
61 silly idealTree ├── is-windows@0.2.0
61 silly idealTree ├── isarray@0.0.1
61 silly idealTree ├── isexe@1.1.2
61 silly idealTree ├─┬ isobject@2.1.0
61 silly idealTree │ └── isarray@1.0.0
61 silly idealTree ├── isstream@0.1.2
61 silly idealTree ├── jodid25519@1.0.2
61 silly idealTree ├── jsbn@0.1.1
61 silly idealTree ├── json-schema@0.2.3
61 silly idealTree ├── json-stable-stringify@1.0.1
61 silly idealTree ├── json-stringify-safe@5.0.1
61 silly idealTree ├── json3@3.3.2
61 silly idealTree ├─┬ jsonfile@2.4.0
61 silly idealTree │ └── graceful-fs@4.1.11
61 silly idealTree ├── jsonify@0.0.0
61 silly idealTree ├── jsonpointer@4.0.1
61 silly idealTree ├── jsprim@1.3.1
61 silly idealTree ├── kind-of@3.1.0
61 silly idealTree ├─┬ klaw@1.3.1
61 silly idealTree │ └── graceful-fs@4.1.11
61 silly idealTree ├── lazy-cache@1.0.4
61 silly idealTree ├── lcid@1.0.0
61 silly idealTree ├── liftoff@2.3.0
61 silly idealTree ├── limiter@1.1.0
61 silly idealTree ├─┬ load-json-file@1.1.0
61 silly idealTree │ ├── graceful-fs@4.1.11
61 silly idealTree │ └── strip-bom@2.0.0
61 silly idealTree ├─┬ localtunnel@1.8.2
61 silly idealTree │ ├── caseless@0.11.0
61 silly idealTree │ ├── cliui@3.2.0
61 silly idealTree │ ├── commander@2.9.0
61 silly idealTree │ ├── har-validator@2.0.6
61 silly idealTree │ ├── node-uuid@1.4.7
61 silly idealTree │ ├── request@2.78.0
61 silly idealTree │ ├── window-size@0.1.4
61 silly idealTree │ └── yargs@3.29.0
61 silly idealTree ├── lodash._basecopy@3.0.1
61 silly idealTree ├── lodash._basetostring@3.0.1
61 silly idealTree ├── lodash._basevalues@3.0.0
61 silly idealTree ├── lodash._getnative@3.9.1
61 silly idealTree ├── lodash._isiterateecall@3.0.9
61 silly idealTree ├── lodash._reescape@3.0.0
61 silly idealTree ├── lodash._reevaluate@3.0.0
61 silly idealTree ├── lodash._reinterpolate@3.0.0
61 silly idealTree ├── lodash._root@3.0.1
61 silly idealTree ├── lodash.assign@4.2.0
61 silly idealTree ├── lodash.assignwith@4.2.0
61 silly idealTree ├── lodash.clonedeep@4.5.0
61 silly idealTree ├── lodash.escape@3.2.0
61 silly idealTree ├── lodash.isarguments@3.1.0
61 silly idealTree ├── lodash.isarray@3.0.4
61 silly idealTree ├── lodash.isempty@4.4.0
61 silly idealTree ├── lodash.isfinite@3.3.2
61 silly idealTree ├── lodash.isplainobject@4.0.6
61 silly idealTree ├── lodash.isstring@4.0.1
61 silly idealTree ├── lodash.keys@3.1.2
61 silly idealTree ├── lodash.mapvalues@4.6.0
61 silly idealTree ├── lodash.mergewith@4.6.0
61 silly idealTree ├── lodash.pick@4.4.0
61 silly idealTree ├── lodash.restparam@3.6.1
61 silly idealTree ├── lodash.template@3.6.2
61 silly idealTree ├── lodash.templatesettings@3.1.1
61 silly idealTree ├── lodash@1.0.2
61 silly idealTree ├── longest@1.0.1
61 silly idealTree ├── loud-rejection@1.6.0
61 silly idealTree ├── lru-cache@2.7.3
61 silly idealTree ├── magic-string@0.14.0
61 silly idealTree ├── make-error-cause@1.2.2
61 silly idealTree ├── make-error@1.2.2
61 silly idealTree ├── map-cache@0.2.2
61 silly idealTree ├── map-obj@1.0.1
61 silly idealTree ├─┬ meow@3.7.0
61 silly idealTree │ └── object-assign@4.1.1
61 silly idealTree ├── micromatch@2.3.11
61 silly idealTree ├── mime-db@1.26.0
61 silly idealTree ├── mime-types@2.1.14
61 silly idealTree ├── mime@1.2.4
61 silly idealTree ├── minimatch@2.0.10
61 silly idealTree ├── minimist@1.2.0
61 silly idealTree ├─┬ mkdirp@0.5.1
61 silly idealTree │ └── minimist@0.0.8
61 silly idealTree ├── ms@0.7.1
61 silly idealTree ├── multipipe@0.1.2
61 silly idealTree ├── nan@2.5.1
61 silly idealTree ├── natives@1.1.0
61 silly idealTree ├── negotiator@0.6.1
61 silly idealTree ├─┬ node-gyp@3.5.0
61 silly idealTree │ ├── glob@7.1.1
61 silly idealTree │ ├── graceful-fs@4.1.11
61 silly idealTree │ └── minimatch@3.0.3
61 silly idealTree ├─┬ node-sass@4.5.0
61 silly idealTree │ ├── gaze@1.1.2
61 silly idealTree │ ├── glob@7.1.1
61 silly idealTree │ ├── globule@1.1.0
61 silly idealTree │ ├── lodash@4.16.6
61 silly idealTree │ └── minimatch@3.0.3
61 silly idealTree ├── nopt@3.0.6
61 silly idealTree ├── normalize-package-data@2.3.5
61 silly idealTree ├── normalize-path@2.0.1
61 silly idealTree ├── npmlog@4.0.2
61 silly idealTree ├── number-is-nan@1.0.1
61 silly idealTree ├── oauth-sign@0.8.2
61 silly idealTree ├── object-assign@3.0.0
61 silly idealTree ├── object-component@0.0.3
61 silly idealTree ├── object-path@0.9.2
61 silly idealTree ├── object.omit@2.0.1
61 silly idealTree ├── on-finished@2.3.0
61 silly idealTree ├── once@1.3.3
61 silly idealTree ├── openurl@1.1.0
61 silly idealTree ├─┬ opn@4.0.2
61 silly idealTree │ └── object-assign@4.1.1
61 silly idealTree ├── options@0.0.6
61 silly idealTree ├── orchestrator@0.3.8
61 silly idealTree ├── ordered-read-streams@0.1.0
61 silly idealTree ├── os-homedir@1.0.2
61 silly idealTree ├── os-locale@1.4.0
61 silly idealTree ├── os-tmpdir@1.0.2
61 silly idealTree ├── osenv@0.1.4
61 silly idealTree ├── parse-filepath@1.0.1
61 silly idealTree ├── parse-glob@3.0.4
61 silly idealTree ├── parse-json@2.2.0
61 silly idealTree ├── parse-passwd@1.0.0
61 silly idealTree ├── parsejson@0.0.3
61 silly idealTree ├── parseqs@0.0.5
61 silly idealTree ├── parseuri@0.0.5
61 silly idealTree ├── parseurl@1.3.1
61 silly idealTree ├── path-exists@2.1.0
61 silly idealTree ├── path-is-absolute@1.0.1
61 silly idealTree ├── path-parse@1.0.5
61 silly idealTree ├── path-root-regex@0.1.2
61 silly idealTree ├── path-root@0.1.1
61 silly idealTree ├─┬ path-type@1.1.0
61 silly idealTree │ └── graceful-fs@4.1.11
61 silly idealTree ├── performance-now@0.2.0
61 silly idealTree ├── pify@2.3.0
61 silly idealTree ├── pinkie-promise@2.0.1
61 silly idealTree ├── pinkie@2.0.4
61 silly idealTree ├─┬ portscanner@2.1.1
61 silly idealTree │ └── async@1.5.2
61 silly idealTree ├── preserve@0.2.0
61 silly idealTree ├── pretty-hrtime@1.0.3
61 silly idealTree ├── process-nextick-args@1.0.7
61 silly idealTree ├── pseudomap@1.0.2
61 silly idealTree ├── punycode@1.4.1
61 silly idealTree ├── qs@6.3.2
61 silly idealTree ├── randomatic@1.1.6
61 silly idealTree ├── range-parser@1.2.0
61 silly idealTree ├── read-pkg-up@1.0.1
61 silly idealTree ├── read-pkg@1.1.0
61 silly idealTree ├── readable-stream@1.1.14
61 silly idealTree ├─┬ readdirp@2.1.0
61 silly idealTree │ ├── graceful-fs@4.1.11
61 silly idealTree │ ├── isarray@1.0.0
61 silly idealTree │ ├── minimatch@3.0.3
61 silly idealTree │ └── readable-stream@2.2.3
61 silly idealTree ├── rechoir@0.6.2
61 silly idealTree ├── redent@1.0.0
61 silly idealTree ├── regex-cache@0.4.3
61 silly idealTree ├── remove-trailing-separator@1.0.1
61 silly idealTree ├── repeat-element@1.1.2
61 silly idealTree ├── repeat-string@1.6.1
61 silly idealTree ├── repeating@2.0.1
61 silly idealTree ├── replace-ext@0.0.1
61 silly idealTree ├── request@2.80.0
61 silly idealTree ├── require-directory@2.1.1
61 silly idealTree ├── require-main-filename@1.0.1
61 silly idealTree ├── requires-port@1.0.0
61 silly idealTree ├── resolve-dir@0.1.1
61 silly idealTree ├── resolve@1.3.2
61 silly idealTree ├─┬ resp-modifier@6.0.2
61 silly idealTree │ └── minimatch@3.0.3
61 silly idealTree ├── right-align@0.1.3
61 silly idealTree ├─┬ rimraf@2.6.1
61 silly idealTree │ ├── glob@7.1.1
61 silly idealTree │ └── minimatch@3.0.3
61 silly idealTree ├── rx@4.1.0
61 silly idealTree ├─┬ sass-graph@2.1.2
61 silly idealTree │ ├── cliui@3.2.0
61 silly idealTree │ ├── glob@7.1.1
61 silly idealTree │ ├── lodash@4.17.4
61 silly idealTree │ ├── minimatch@3.0.3
61 silly idealTree │ ├── window-size@0.2.0
61 silly idealTree │ └── yargs@4.8.1
61 silly idealTree ├── semver@4.3.6
61 silly idealTree ├─┬ send@0.14.1
61 silly idealTree │ ├── etag@1.7.0
61 silly idealTree │ └── mime@1.3.4
61 silly idealTree ├── sequencify@0.0.7
61 silly idealTree ├── serve-index@1.8.0
61 silly idealTree ├── serve-static@1.11.1
61 silly idealTree ├── server-destroy@1.0.1
61 silly idealTree ├── set-blocking@2.0.0
61 silly idealTree ├── set-immediate-shim@1.0.1
61 silly idealTree ├── setprototypeof@1.0.2
61 silly idealTree ├── sigmund@1.0.1
61 silly idealTree ├── signal-exit@3.0.2
61 silly idealTree ├── sntp@1.0.9
61 silly idealTree ├─┬ socket.io-adapter@0.5.0
61 silly idealTree │ ├── debug@2.3.3
61 silly idealTree │ └── ms@0.7.2
61 silly idealTree ├─┬ socket.io-client@1.6.0
61 silly idealTree │ ├── component-emitter@1.2.1
61 silly idealTree │ ├── debug@2.3.3
61 silly idealTree │ └── ms@0.7.2
61 silly idealTree ├── socket.io-parser@2.3.1
61 silly idealTree ├─┬ socket.io@1.6.0
61 silly idealTree │ ├── debug@2.3.3
61 silly idealTree │ ├── ms@0.7.2
61 silly idealTree │ └── object-assign@4.1.0
61 silly idealTree ├── source-map@0.5.6
61 silly idealTree ├── sparkles@1.0.0
61 silly idealTree ├── spdx-correct@1.0.2
61 silly idealTree ├── spdx-expression-parse@1.0.4
61 silly idealTree ├── spdx-license-ids@1.2.2
61 silly idealTree ├─┬ sshpk@1.11.0
61 silly idealTree │ └── assert-plus@1.0.0
61 silly idealTree ├── statuses@1.3.1
61 silly idealTree ├─┬ stdout-stream@1.4.0
61 silly idealTree │ ├── isarray@1.0.0
61 silly idealTree │ └── readable-stream@2.2.3
61 silly idealTree ├── stream-consume@0.1.0
61 silly idealTree ├── stream-throttle@0.1.3
61 silly idealTree ├── string_decoder@0.10.31
61 silly idealTree ├── string-width@1.0.2
61 silly idealTree ├── stringstream@0.0.5
61 silly idealTree ├── strip-ansi@3.0.1
61 silly idealTree ├── strip-bom@1.0.0
61 silly idealTree ├── strip-indent@1.0.1
61 silly idealTree ├── supports-color@2.0.0
61 silly idealTree ├── tar@2.2.1
61 silly idealTree ├── tfunk@3.1.0
61 silly idealTree ├─┬ through2@2.0.3
61 silly idealTree │ ├── isarray@1.0.0
61 silly idealTree │ └── readable-stream@2.2.3
61 silly idealTree ├── tildify@1.2.0
61 silly idealTree ├── time-stamp@1.0.1
61 silly idealTree ├── to-array@0.1.4
61 silly idealTree ├── tough-cookie@2.3.2
61 silly idealTree ├── trim-newlines@1.0.0
61 silly idealTree ├── tunnel-agent@0.4.3
61 silly idealTree ├── tweetnacl@0.14.5
61 silly idealTree ├── ua-parser-js@0.7.12
61 silly idealTree ├── uglify-js@2.7.5
61 silly idealTree ├── uglify-save-license@0.4.1
61 silly idealTree ├── uglify-to-browserify@1.0.2
61 silly idealTree ├── ultron@1.0.2
61 silly idealTree ├── unc-path-regex@0.1.2
61 silly idealTree ├── underscore@1.7.0
61 silly idealTree ├── unique-stream@1.0.0
61 silly idealTree ├── unpipe@1.0.0
61 silly idealTree ├── user-home@1.1.1
61 silly idealTree ├── util-deprecate@1.0.2
61 silly idealTree ├── utils-merge@1.0.0
61 silly idealTree ├── uuid@3.0.1
61 silly idealTree ├── v8flags@2.0.11
61 silly idealTree ├── validate-npm-package-license@3.0.1
61 silly idealTree ├── verror@1.3.6
61 silly idealTree ├── vinyl-bufferstream@1.0.1
61 silly idealTree ├─┬ vinyl-fs@0.3.14
61 silly idealTree │ ├── clone@0.2.0
61 silly idealTree │ ├── readable-stream@1.0.34
61 silly idealTree │ ├── through2@0.6.5
61 silly idealTree │ └── vinyl@0.4.6
61 silly idealTree ├── vinyl-sourcemaps-apply@0.2.1
61 silly idealTree ├── vinyl@0.5.3
61 silly idealTree ├── vlq@0.2.1
61 silly idealTree ├── weinre@2.0.0-pre-I0Z7U9OV
61 silly idealTree ├── which-module@1.0.0
61 silly idealTree ├── which@1.2.12
61 silly idealTree ├── wide-align@1.1.0
61 silly idealTree ├── window-size@0.1.0
61 silly idealTree ├── wordwrap@0.0.2
61 silly idealTree ├── wrap-ansi@2.1.0
61 silly idealTree ├── wrappy@1.0.2
61 silly idealTree ├── ws@1.1.1
61 silly idealTree ├── wtf-8@1.0.0
61 silly idealTree ├── xmlhttprequest-ssl@1.5.3
61 silly idealTree ├── xtend@4.0.1
61 silly idealTree ├── y18n@3.2.1
61 silly idealTree ├── yallist@2.0.0
61 silly idealTree ├─┬ yargs-parser@2.4.1
61 silly idealTree │ └── camelcase@3.0.0
61 silly idealTree ├── yargs@3.10.0
61 silly idealTree └── yeast@0.1.2
62 silly generateActionsToTake Starting
63 silly install generateActionsToTake
64 silly generateActionsToTake Finishing
65 silly diffTrees action count 0
66 silly decomposeActions action count 0
67 silly executeActions Starting
68 silly install executeActions
69 silly doSerial global-install 0
70 silly doParallel fetch 0
71 verbose lock using /Users/hanchangcai/.npm/_locks/staging-5655880264760f28.lock for /Volumes/EEE/angular5/node_modules/.staging
72 verbose unlock done using /Users/hanchangcai/.npm/_locks/staging-5655880264760f28.lock for /Volumes/EEE/angular5/node_modules/.staging
73 silly rollbackFailedOptional Starting
74 silly rollbackFailedOptional Finishing
75 silly runTopLevelLifecycles Starting
76 silly runTopLevelLifecycles Finishing
77 silly install printInstalled
78 warn tonytest1@1.0.0 No repository field.
79 verbose stack Error: EACCES: permission denied, mkdir '/Volumes/EEE/angular5/node_modules/.staging'
79 verbose stack     at Error (native)
80 verbose cwd /Volumes/EEE/angular5
81 error Darwin 15.6.0
82 error argv "/usr/local/bin/iojs" "/usr/local/bin/npm" "install" "bower" "--save-dev"
83 error node v3.3.0
84 error npm  v3.5.2
85 error path /Volumes/EEE/angular5/node_modules/.staging
86 error code EACCES
87 error errno -13
88 error syscall mkdir
89 error Error: EACCES: permission denied, mkdir '/Volumes/EEE/angular5/node_modules/.staging'
89 error     at Error (native)
89 error  { [Error: EACCES: permission denied, mkdir '/Volumes/EEE/angular5/node_modules/.staging']
89 error   errno: -13,
89 error   code: 'EACCES',
89 error   syscall: 'mkdir',
89 error   path: '/Volumes/EEE/angular5/node_modules/.staging' }
90 error Please try running this command again as root/Administrator.
91 verbose exit [ -13, true ]
